YES
1 242985 39811
1 no 0 6  (2,10) (1,10) (1,9) (1,8) (1,7) (1,6) (1,5) (1,4) (1,3) (1,2) (1,1) (1,0) (0,0) 0 5995 (0,0) (1,0) (1,1) (1,2) (1,3) (1,4) (1,5) (1,6) (1,7) (1,8) (1,9) (1,10) (2,10) (3,10)
2 no 0 30  (2,10) (1,10) (1,9) (1,8) (1,7) (1,6) (1,5) (1,4) (1,3) (1,2) (1,1) (0,1) 0 5942 (0,1) (1,1) (1,2) (1,3) (1,4) (1,5) (1,6) (1,7) (1,8) (1,9) (1,10) (2,10) (3,10)
3 no 0 52  (2,10) (1,10) (1,9) (1,8) (1,7) (1,6) (1,5) (1,4) (1,3) (1,2) (0,2) 0 7501 (0,2) (1,2) (1,3) (1,4) (1,5) (1,6) (1,7) (1,8) (1,9) (1,10) (2,10) (3,10)
4 no 0 72  (2,10) (1,10) (1,9) (1,8) (1,7) (1,6) (1,5) (1,4) (1,3) (0,3) 0 5085 (0,3) (1,3) (1,4) (1,5) (1,6) (1,7) (1,8) (1,9) (1,10) (2,10) (3,10)
5 no 0 106  (2,10) (1,10) (1,9) (1,8) (1,7) (1,6) (1,5) (0,5) 0 6841 (0,5) (1,5) (1,6) (1,7) (1,8) (1,9) (1,10) (2,10) (3,10)
6 no 0 90  (2,10) (1,10) (1,9) (1,8) (1,7) (1,6) (1,5) (1,4) (0,4) 0 2317 (0,4) (1,4) (1,5) (1,6) (1,7) (1,8) (1,9) (1,10) (2,10) (3,10)
7 no 0 120  (2,10) (1,10) (1,9) (1,8) (1,7) (1,6) (0,6) 0 2901 (0,6) (1,6) (1,7) (1,8) (1,9) (1,10) (2,10) (3,10)
8 no 0 132  (2,10) (1,10) (1,9) (1,8) (1,7) (0,7) 0 2927 (0,7) (1,7) (1,8) (1,9) (1,10) (2,10) (3,10)
9 no 0 142  (2,10) (1,10) (1,9) (1,8) (0,8) 0 1929 (0,8) (1,8) (1,9) (1,10) (2,10) (3,10)
10 no 0 150  (2,10) (1,10) (1,9) (0,9) 0 2070 (0,9) (1,9) (1,10) (2,10) (3,10)
11 no 0 160  (2,10) (1,10) (1,9) (1,8) (1,7) (1,6) (1,5) (1,4) (1,3) (1,2) (1,1) (2,1) (3,1) (3,0) 0 5369 (3,0) (3,1) (2,1) (1,1) (1,2) (1,3) (1,4) (1,5) (1,6) (1,7) (1,8) (1,9) (1,10) (2,10) (3,10)
12 no 0 156  (2,10) (1,10) (0,10) 0 2713 (0,10) (1,10) (2,10) (3,10)
13 no 0 186  (2,10) (2,9) (3,9) (4,9) (4,8) (4,7) (4,6) (4,5) (4,4) (3,4) 0 3975 (3,4) (4,4) (4,5) (4,6) (4,7) (4,8) (4,9) (3,9) (3,10)
14 no 0 220  (2,10) (2,9) (3,9) (4,9) (4,8) (4,7) (4,6) (3,6) 0 6527 (3,6) (4,6) (4,7) (4,8) (4,9) (3,9) (3,10)
15 no 0 204  (2,10) (2,9) (3,9) (4,9) (4,8) (4,7) (4,6) (4,5) (3,5) 0 4139 (3,5) (4,5) (4,6) (4,7) (4,8) (4,9) (3,9) (3,10)
16 no 0 234  (2,10) (2,9) (3,9) (4,9) (4,8) (4,7) (3,7) 0 2200 (3,7) (4,7) (4,8) (4,9) (3,9) (3,10)
17 no 0 246  (2,10) (1,10) (1,9) (1,8) (1,7) (1,6) (1,5) (1,4) (1,3) (1,2) (1,1) (2,1) (3,1) (4,1) (4,0) 0 4957 (4,0) (4,1) (3,1) (2,1) (1,1) (1,2) (1,3) (1,4) (1,5) (1,6) (1,7) (1,8) (1,9) (1,10) (2,10) (3,10)
18 no 0 274  (2,10) (2,9) (3,9) (4,9) (4,8) (4,7) (4,6) (4,5) (4,4) (4,3) 0 6966 (4,3) (4,4) (4,5) (4,6) (4,7) (4,8) (4,9) (3,9) (3,10)
19 no 0 292  (2,10) (1,10) (1,9) (1,8) (1,7) (1,6) (1,5) (1,4) (1,3) (1,2) (1,1) (2,1) (3,1) (4,1) (5,1) (5,0) 0 4993 (5,0) (5,1) (4,1) (3,1) (2,1) (1,1) (1,2) (1,3) (1,4) (1,5) (1,6) (1,7) (1,8) (1,9) (1,10) (2,10) (3,10)
20 no 0 322  (2,10) (2,9) (3,9) (4,9) (4,8) (4,7) (4,6) (4,5) (4,4) (5,4) (5,3) 0 5345 (5,3) (5,4) (4,4) (4,5) (4,6) (4,7) (4,8) (4,9) (3,9) (3,10)
21 yes
22 no 0 342  (2,10) (1,10) (1,9) (1,8) (1,7) (1,6) (1,5) (1,4) (1,3) (1,2) (1,1) (2,1) (3,1) (4,1) (5,1) (6,1) (6,0) 0 5737 (6,0) (6,1) (5,1) (4,1) (3,1) (2,1) (1,1) (1,2) (1,3) (1,4) (1,5) (1,6) (1,7) (1,8) (1,9) (1,10) (2,10) (3,10)
23 no 0 374  (2,10) (2,9) (3,9) (4,9) (4,8) (4,7) (4,6) (4,5) (4,4) (5,4) (6,4) (6,3) 0 7479 (6,3) (6,4) (5,4) (4,4) (4,5) (4,6) (4,7) (4,8) (4,9) (3,9) (3,10)
24 no 0 396  (2,10) (1,10) (1,9) (1,8) (1,7) (1,6) (1,5) (1,4) (1,3) (1,2) (1,1) (2,1) (3,1) (4,1) (5,1) (6,1) (7,1) (7,0) 0 6868 (7,0) (7,1) (6,1) (5,1) (4,1) (3,1) (2,1) (1,1) (1,2) (1,3) (1,4) (1,5) (1,6) (1,7) (1,8) (1,9) (1,10) (2,10) (3,10)
25 yes
26 no 0 430  (2,10) (2,9) (3,9) (4,9) (4,8) (4,7) (4,6) (4,5) (4,4) (5,4) (6,4) (7,4) (7,3) 0 5768 (7,3) (7,4) (6,4) (5,4) (4,4) (4,5) (4,6) (4,7) (4,8) (4,9) (3,9) (3,10)
27 no 0 454  (2,10) (1,10) (1,9) (1,8) (1,7) (1,6) (1,5) (1,4) (1,3) (1,2) (1,1) (2,1) (3,1) (4,1) (5,1) (6,1) (7,1) (8,1) (8,0) 0 4047 (8,0) (8,1) (7,1) (6,1) (5,1) (4,1) (3,1) (2,1) (1,1) (1,2) (1,3) (1,4) (1,5) (1,6) (1,7) (1,8) (1,9) (1,10) (2,10) (3,10)
28 no 0 490  (2,10) (2,9) (3,9) (4,9) (4,8) (4,7) (4,6) (4,5) (4,4) (5,4) (6,4) (7,4) (8,4) (8,3) 0 3284 (8,3) (8,4) (7,4) (6,4) (5,4) (4,4) (4,5) (4,6) (4,7) (4,8) (4,9) (3,9) (3,10)
29 no 0 516  (2,10) (1,10) (1,9) (1,8) (1,7) (1,6) (1,5) (1,4) (1,3) (1,2) (1,1) (2,1) (3,1) (4,1) (5,1) (6,1) (7,1) (8,1) (9,1) (9,0) 0 5451 (9,0) (9,1) (8,1) (7,1) (6,1) (5,1) (4,1) (3,1) (2,1) (1,1) (1,2) (1,3) (1,4) (1,5) (1,6) (1,7) (1,8) (1,9) (1,10) (2,10) (3,10)
30 no 0 554  (2,10) (2,9) (3,9) (4,9) (4,8) (4,7) (4,6) (4,5) (4,4) (5,4) (6,4) (7,4) (8,4) (9,4) (9,3) 0 4928 (9,3) (9,4) (8,4) (7,4) (6,4) (5,4) (4,4) (4,5) (4,6) (4,7) (4,8) (4,9) (3,9) (3,10)
31 no 0 582  (2,10) (1,10) (1,9) (1,8) (1,7) (1,6) (1,5) (1,4) (1,3) (1,2) (1,1) (2,1) (3,1) (4,1) (5,1) (6,1) (7,1) (8,1) (9,1) (10,1) (10,0) 0 2620 (10,0) (10,1) (9,1) (8,1) (7,1) (6,1) (5,1) (4,1) (3,1) (2,1) (1,1) (1,2) (1,3) (1,4) (1,5) (1,6) (1,7) (1,8) (1,9) (1,10) (2,10) (3,10)
32 no 0 622  (2,10) (2,9) (3,9) (4,9) (4,8) (4,7) (4,6) (4,5) (4,4) (5,4) (6,4) (7,4) (8,4) (9,4) (10,4) (10,3) 0 5214 (10,3) (10,4) (9,4) (8,4) (7,4) (6,4) (5,4) (4,4) (4,5) (4,6) (4,7) (4,8) (4,9) (3,9) (3,10)
33 no 0 652  (2,10) (1,10) (1,9) (1,8) (1,7) (1,6) (1,5) (1,4) (1,3) (1,2) (1,1) (2,1) (3,1) (4,1) (5,1) (6,1) (7,1) (8,1) (9,1) (10,1) (11,1) (11,0) 0 3538 (11,0) (11,1) (10,1) (9,1) (8,1) (7,1) (6,1) (5,1) (4,1) (3,1) (2,1) (1,1) (1,2) (1,3) (1,4) (1,5) (1,6) (1,7) (1,8) (1,9) (1,10) (2,10) (3,10)
34 no 0 694  (2,10) (2,9) (3,9) (4,9) (4,8) (4,7) (4,6) (4,5) (4,4) (5,4) (6,4) (7,4) (8,4) (9,4) (10,4) (11,4) (11,3) 0 5274 (11,3) (11,4) (10,4) (9,4) (8,4) (7,4) (6,4) (5,4) (4,4) (4,5) (4,6) (4,7) (4,8) (4,9) (3,9) (3,10)
35 no 0 726  (2,10) (1,10) (1,9) (1,8) (1,7) (1,6) (1,5) (1,4) (1,3) (1,2) (1,1) (2,1) (3,1) (4,1) (5,1) (6,1) (7,1) (8,1) (9,1) (10,1) (11,1) (12,1) (12,0) 0 5407 (12,0) (12,1) (11,1) (10,1) (9,1) (8,1) (7,1) (6,1) (5,1) (4,1) (3,1) (2,1) (1,1) (1,2) (1,3) (1,4) (1,5) (1,6) (1,7) (1,8) (1,9) (1,10) (2,10) (3,10)
36 no 0 770  (2,10) (2,9) (3,9) (4,9) (4,8) (4,7) (4,6) (4,5) (4,4) (5,4) (6,4) (7,4) (8,4) (9,4) (10,4) (11,4) (12,4) (12,3) 0 6417 (12,3) (12,4) (11,4) (10,4) (9,4) (8,4) (7,4) (6,4) (5,4) (4,4) (4,5) (4,6) (4,7) (4,8) (4,9) (3,9) (3,10)
37 yes
38 yes
39 no 0 804  (2,10) (1,10) (1,9) (1,8) (1,7) (1,6) (1,5) (1,4) (1,3) (1,2) (1,1) (2,1) (3,1) (4,1) (5,1) (6,1) (7,1) (8,1) (9,1) (10,1) (11,1) (12,1) (13,1) (13,0) 0 6494 (13,0) (13,1) (12,1) (11,1) (10,1) (9,1) (8,1) (7,1) (6,1) (5,1) (4,1) (3,1) (2,1) (1,1) (1,2) (1,3) (1,4) (1,5) (1,6) (1,7) (1,8) (1,9) (1,10) (2,10) (3,10)
40 yes
41 no 0 850  (2,10) (2,9) (3,9) (4,9) (4,8) (4,7) (4,6) (4,5) (4,4) (5,4) (6,4) (7,4) (8,4) (9,4) (10,4) (11,4) (12,4) (13,4) (13,3) 0 7180 (13,3) (13,4) (12,4) (11,4) (10,4) (9,4) (8,4) (7,4) (6,4) (5,4) (4,4) (4,5) (4,6) (4,7) (4,8) (4,9) (3,9) (3,10)
42 yes
43 no 0 886  (2,10) (1,10) (1,9) (1,8) (1,7) (1,6) (1,5) (1,4) (1,3) (1,2) (1,1) (2,1) (3,1) (4,1) (5,1) (6,1) (7,1) (8,1) (9,1) (10,1) (11,1) (12,1) (13,1) (14,1) (14,0) 0 4382 (14,0) (14,1) (13,1) (12,1) (11,1) (10,1) (9,1) (8,1) (7,1) (6,1) (5,1) (4,1) (3,1) (2,1) (1,1) (1,2) (1,3) (1,4) (1,5) (1,6) (1,7) (1,8) (1,9) (1,10) (2,10) (3,10)
44 yes
45 no 0 934  (2,10) (2,9) (3,9) (4,9) (4,8) (4,7) (4,6) (4,5) (4,4) (5,4) (6,4) (7,4) (8,4) (9,4) (10,4) (11,4) (12,4) (13,4) (14,4) (14,3) 0 3759 (14,3) (14,4) (13,4) (12,4) (11,4) (10,4) (9,4) (8,4) (7,4) (6,4) (5,4) (4,4) (4,5) (4,6) (4,7) (4,8) (4,9) (3,9) (3,10)
46 yes
47 yes
48 yes
49 yes
50 yes
51 no 0 972  (2,10) (1,10) (1,9) (1,8) (1,7) (1,6) (1,5) (1,4) (1,3) (1,2) (1,1) (2,1) (3,1) (4,1) (5,1) (6,1) (7,1) (8,1) (9,1) (10,1) (11,1) (12,1) (13,1) (14,1) (15,1) (15,0) 0 7130 (15,0) (15,1) (14,1) (13,1) (12,1) (11,1) (10,1) (9,1) (8,1) (7,1) (6,1) (5,1) (4,1) (3,1) (2,1) (1,1) (1,2) (1,3) (1,4) (1,5) (1,6) (1,7) (1,8) (1,9) (1,10) (2,10) (3,10)
52 no 0 1022  (2,10) (2,9) (3,9) (4,9) (4,8) (4,7) (4,6) (4,5) (4,4) (5,4) (6,4) (7,4) (8,4) (9,4) (10,4) (11,4) (12,4) (13,4) (14,4) (15,4) (15,3) 0 7084 (15,3) (15,4) (14,4) (13,4) (12,4) (11,4) (10,4) (9,4) (8,4) (7,4) (6,4) (5,4) (4,4) (4,5) (4,6) (4,7) (4,8) (4,9) (3,9) (3,10)
53 yes
54 no 0 1062  (2,10) (1,10) (1,9) (1,8) (1,7) (1,6) (1,5) (1,4) (1,3) (1,2) (1,1) (2,1) (3,1) (4,1) (5,1) (6,1) (7,1) (8,1) (9,1) (10,1) (11,1) (12,1) (13,1) (14,1) (15,1) (16,1) (16,0) 0 5123 (16,0) (16,1) (15,1) (14,1) (13,1) (12,1) (11,1) (10,1) (9,1) (8,1) (7,1) (6,1) (5,1) (4,1) (3,1) (2,1) (1,1) (1,2) (1,3) (1,4) (1,5) (1,6) (1,7) (1,8) (1,9) (1,10) (2,10) (3,10)
55 yes
56 yes
57 yes
58 yes
59 yes
60 no 0 1114  (2,10) (2,9) (3,9) (4,9) (4,8) (4,7) (4,6) (4,5) (4,4) (5,4) (6,4) (7,4) (8,4) (9,4) (10,4) (11,4) (12,4) (13,4) (14,4) (15,4) (16,4) (16,3) 0 3418 (16,3) (16,4) (15,4) (14,4) (13,4) (12,4) (11,4) (10,4) (9,4) (8,4) (7,4) (6,4) (5,4) (4,4) (4,5) (4,6) (4,7) (4,8) (4,9) (3,9) (3,10)
61 yes
62 yes
63 yes
64 yes
65 yes
66 yes
67 yes
68 yes
69 yes
70 yes
71 no 0 1156  (2,10) (1,10) (1,9) (1,8) (1,7) (1,6) (1,5) (1,4) (1,3) (1,2) (1,1) (2,1) (3,1) (4,1) (5,1) (6,1) (7,1) (8,1) (9,1) (10,1) (11,1) (12,1) (13,1) (14,1) (15,1) (16,1) (17,1) (17,0) 0 7226 (17,0) (17,1) (16,1) (15,1) (14,1) (13,1) (12,1) (11,1) (10,1) (9,1) (8,1) (7,1) (6,1) (5,1) (4,1) (3,1) (2,1) (1,1) (1,2) (1,3) (1,4) (1,5) (1,6) (1,7) (1,8) (1,9) (1,10) (2,10) (3,10)
72 yes
73 no 0 1210  (2,10) (2,9) (3,9) (4,9) (4,8) (4,7) (4,6) (4,5) (4,4) (5,4) (6,4) (7,4) (8,4) (9,4) (10,4) (11,4) (12,4) (13,4) (14,4) (15,4) (16,4) (17,4) (17,3) 0 4643 (17,3) (17,4) (16,4) (15,4) (14,4) (13,4) (12,4) (11,4) (10,4) (9,4) (8,4) (7,4) (6,4) (5,4) (4,4) (4,5) (4,6) (4,7) (4,8) (4,9) (3,9) (3,10)
74 no 0 1254  (2,10) (1,10) (1,9) (1,8) (1,7) (1,6) (1,5) (1,4) (1,3) (1,2) (1,1) (2,1) (3,1) (4,1) (5,1) (6,1) (7,1) (8,1) (9,1) (10,1) (11,1) (12,1) (13,1) (14,1) (15,1) (16,1) (17,1) (18,1) (18,0) 0 7848 (18,0) (18,1) (17,1) (16,1) (15,1) (14,1) (13,1) (12,1) (11,1) (10,1) (9,1) (8,1) (7,1) (6,1) (5,1) (4,1) (3,1) (2,1) (1,1) (1,2) (1,3) (1,4) (1,5) (1,6) (1,7) (1,8) (1,9) (1,10) (2,10) (3,10)
75 yes
76 no 0 1310  (2,10) (1,10) (1,9) (1,8) (1,7) (1,6) (1,5) (1,4) (1,3) (1,2) (1,1) (2,1) (3,1) (4,1) (5,1) (6,1) (7,1) (8,1) (9,1) (10,1) (11,1) (12,1) (13,1) (14,1) (15,1) (16,1) (17,1) (18,1) (19,1) (19,0) 0 7034 (19,0) (19,1) (20,1) (20,2) (20,3) (20,4) (20,5) (20,6) (20,7) (20,8) (20,9) (19,9) (18,9) (17,9) (16,9) (15,9) (14,9) (13,9) (12,9) (11,9) (10,9) (9,9) (8,9) (7,9) (6,9) (5,9) (4,9) (3,9) (3,10)
77 yes
78 yes
79 yes
80 no 0 1368  (2,10) (2,9) (3,9) (4,9) (5,9) (6,9) (7,9) (8,9) (9,9) (10,9) (11,9) (12,9) (13,9) (14,9) (15,9) (16,9) (17,9) (18,9) (19,9) (20,9) (20,8) (20,7) (20,6) (20,5) (20,4) (20,3) (20,2) (20,1) (20,0) 0 6053 (20,0) (20,1) (20,2) (20,3) (20,4) (20,5) (20,6) (20,7) (20,8) (20,9) (19,9) (18,9) (17,9) (16,9) (15,9) (14,9) (13,9) (12,9) (11,9) (10,9) (9,9) (8,9) (7,9) (6,9) (5,9) (4,9) (3,9) (3,10)
81 yes
82 yes
83 yes
84 yes
85 yes
86 no 0 1424  (2,10) (2,9) (3,9) (4,9) (5,9) (6,9) (7,9) (8,9) (9,9) (10,9) (11,9) (12,9) (13,9) (14,9) (15,9) (16,9) (17,9) (18,9) (19,9) (20,9) (20,8) (20,7) (20,6) (20,5) (20,4) (20,3) (20,2) (20,1) (21,1) (21,0) 0 6607 (21,0) (21,1) (20,1) (20,2) (20,3) (20,4) (20,5) (20,6) (20,7) (20,8) (20,9) (19,9) (18,9) (17,9) (16,9) (15,9) (14,9) (13,9) (12,9) (11,9) (10,9) (9,9) (8,9) (7,9) (6,9) (5,9) (4,9) (3,9) (3,10)
87 yes
88 yes
89 yes
90 yes
91 yes
92 yes
93 yes
94 yes
95 yes
96 yes
97 yes
98 no 0 1482  (2,10) (2,9) (3,9) (4,9) (5,9) (6,9) (7,9) (8,9) (9,9) (10,9) (11,9) (12,9) (13,9) (14,9) (15,9) (16,9) (17,9) (18,9) (19,9) (20,9) (20,8) (20,7) (20,6) (20,5) (20,4) (20,3) (20,2) (20,1) (21,1) (22,1) (22,0) 0 5045 (22,0) (22,1) (21,1) (20,1) (20,2) (20,3) (20,4) (20,5) (20,6) (20,7) (20,8) (20,9) (19,9) (18,9) (17,9) (16,9) (15,9) (14,9) (13,9) (12,9) (11,9) (10,9) (9,9) (8,9) (7,9) (6,9) (5,9) (4,9) (3,9) (3,10)
99 yes
100 yes
101 yes
102 yes
103 yes
104 yes
105 yes
106 no 0 1542  (2,10) (2,9) (3,9) (4,9) (5,9) (6,9) (7,9) (8,9) (9,9) (10,9) (11,9) (12,9) (13,9) (14,9) (15,9) (16,9) (17,9) (18,9) (19,9) (20,9) (20,8) (20,7) (20,6) (20,5) (20,4) (20,3) (21,3) (22,3) 0 5901 (22,3) (21,3) (20,3) (20,4) (20,5) (20,6) (20,7) (20,8) (20,9) (19,9) (18,9) (17,9) (16,9) (15,9) (14,9) (13,9) (12,9) (11,9) (10,9) (9,9) (8,9) (7,9) (6,9) (5,9) (4,9) (3,9) (3,10)
107 yes
108 yes
109 yes
110 yes
111 yes
112 yes
113 yes
114 yes
115 yes
116 yes
117 yes
118 yes
119 yes
120 yes
121 yes
122 yes
123 no 0 1596  (2,10) (2,9) (3,9) (4,9) (5,9) (6,9) (7,9) (8,9) (9,9) (10,9) (11,9) (12,9) (13,9) (14,9) (15,9) (16,9) (17,9) (18,9) (19,9) (20,9) (20,8) (20,7) (20,6) (20,5) (20,4) (21,4) (22,4) 0 6202 (22,4) (21,4) (20,4) (20,5) (20,6) (20,7) (20,8) (20,9) (19,9) (18,9) (17,9) (16,9) (15,9) (14,9) (13,9) (12,9) (11,9) (10,9) (9,9) (8,9) (7,9) (6,9) (5,9) (4,9) (3,9) (3,10)
124 yes
125 no 0 1648  (2,10) (2,9) (3,9) (4,9) (5,9) (6,9) (7,9) (8,9) (9,9) (10,9) (11,9) (12,9) (13,9) (14,9) (15,9) (16,9) (17,9) (18,9) (19,9) (20,9) (20,8) (20,7) (20,6) (20,5) (21,5) (22,5) 0 7712 (22,5) (21,5) (20,5) (20,6) (20,7) (20,8) (20,9) (19,9) (18,9) (17,9) (16,9) (15,9) (14,9) (13,9) (12,9) (11,9) (10,9) (9,9) (8,9) (7,9) (6,9) (5,9) (4,9) (3,9) (3,10)
126 yes
127 yes
128 yes
129 yes
130 yes
131 yes
132 yes
133 yes
134 yes
135 yes
136 yes
137 yes
138 yes
139 yes
140 yes
141 yes
142 yes
143 yes
144 yes
145 yes
146 yes
147 yes
148 yes
149 yes
150 yes
151 yes
152 no 0 1701  (2,10) (2,9) (3,9) (4,9) (5,9) (6,9) (7,9) (8,9) (9,9) (10,9) (11,9) (12,9) (13,9) (14,9) (15,9) (16,9) (17,9) (18,9) (19,9) (20,9) (20,8) (20,7) (20,6) (21,6) (22,6) 0 5560 (22,6) (21,6) (20,6) (20,7) (20,8) (20,9) (19,9) (18,9) (17,9) (16,9) (15,9) (14,9) (13,9) (12,9) (11,9) (10,9) (9,9) (8,9) (7,9) (6,9) (5,9) (4,9) (3,9) (3,10)
153 no 0 1749  (2,10) (2,9) (3,9) (4,9) (5,9) (6,9) (7,9) (8,9) (9,9) (10,9) (11,9) (12,9) (13,9) (14,9) (15,9) (16,9) (17,9) (18,9) (19,9) (20,9) (20,8) (20,7) (21,7) (22,7) 0 5175 (22,7) (21,7) (20,7) (20,8) (20,9) (19,9) (18,9) (17,9) (16,9) (15,9) (14,9) (13,9) (12,9) (11,9) (10,9) (9,9) (8,9) (7,9) (6,9) (5,9) (4,9) (3,9) (3,10)
154 yes
155 yes
156 yes
157 yes
158 yes
159 yes
160 yes
161 yes
162 yes
163 yes
164 yes
165 yes
166 yes
167 yes
168 yes
169 yes
170 yes
171 yes
172 yes
173 yes
174 no 0 1795  (2,10) (2,9) (3,9) (4,9) (5,9) (6,9) (7,9) (8,9) (9,9) (10,9) (11,9) (12,9) (13,9) (14,9) (15,9) (16,9) (17,9) (18,9) (19,9) (20,9) (20,8) (21,8) (22,8) 0 8240 (22,8) (21,8) (20,8) (20,9) (19,9) (18,9) (17,9) (16,9) (15,9) (14,9) (13,9) (12,9) (11,9) (10,9) (9,9) (8,9) (7,9) (6,9) (5,9) (4,9) (3,9) (3,10)
175 yes
176 yes
177 yes
178 yes
179 yes
180 yes
181 no 0 1839  (2,10) (2,9) (3,9) (4,9) (5,9) (6,9) (7,9) (8,9) (9,9) (10,9) (11,9) (12,9) (13,9) (14,9) (15,9) (16,9) (17,9) (18,9) (19,9) (20,9) (21,9) (22,9) 0 4825 (22,9) (21,9) (20,9) (19,9) (18,9) (17,9) (16,9) (15,9) (14,9) (13,9) (12,9) (11,9) (10,9) (9,9) (8,9) (7,9) (6,9) (5,9) (4,9) (3,9) (3,10)
182 yes
183 yes
184 yes
185 yes
186 yes
187 yes
188 yes
189 no 0 1881  (2,10) (2,9) (3,9) (4,9) (5,9) (6,9) (7,9) (8,9) (9,9) (10,9) (11,9) (12,9) (13,9) (14,9) (15,9) (16,9) (17,9) (18,9) (19,9) (20,9) (21,9) (21,10) (22,10) 0 6290 (22,10) (21,10) (21,9) (20,9) (19,9) (18,9) (17,9) (16,9) (15,9) (14,9) (13,9) (12,9) (11,9) (10,9) (9,9) (8,9) (7,9) (6,9) (5,9) (4,9) (3,9) (3,10)
190 no 0 1936  (2,10) (1,10) (1,9) (1,8) (0,8) 0 6242 (0,8) (1,8) (1,9) (1,10) (2,10) (3,10)
191 yes
192 yes
193 yes
194 yes
195 no 0 2076  (2,10) (1,10) (1,9) (0,9) 0 6232 (0,9) (1,9) (1,10) (2,10) (3,10)
196 yes
197 yes
198 yes
199 yes
200 yes
201 yes
202 yes
203 no 0 2207  (2,10) (2,9) (3,9) (4,9) (4,8) (4,7) (3,7) 0 6393 (3,7) (4,7) (4,8) (4,9) (3,9) (3,10)
204 yes
205 yes
206 yes
207 yes
208 no 0 2328  (2,10) (1,10) (1,9) (1,8) (1,7) (1,6) (1,5) (1,4) (0,4) 0 8610 (0,4) (1,4) (1,5) (1,6) (1,7) (1,8) (1,9) (1,10) (2,10) (3,10)
209 yes
210 yes
211 yes
212 yes
213 yes
214 yes
215 no 0 2643  (2,10) (1,10) (1,9) (1,8) (1,7) (1,6) (1,5) (1,4) (1,3) (1,2) (1,1) (2,1) (3,1) (4,1) (5,1) (6,1) (7,1) (8,1) (9,1) (10,1) (10,0) 0 7445 (10,0) (10,1) (9,1) (8,1) (7,1) (6,1) (5,1) (4,1) (3,1) (2,1) (1,1) (1,2) (1,3) (1,4) (1,5) (1,6) (1,7) (1,8) (1,9) (1,10) (2,10) (3,10)
216 no 0 2718  (2,10) (1,10) (0,10) 0 4460 (0,10) (1,10) (2,10) (3,10)
217 no 0 2910  (2,10) (1,10) (1,9) (1,8) (1,7) (1,6) (0,6) 0 9342 (0,6) (1,6) (1,7) (1,8) (1,9) (1,10) (2,10) (3,10)
218 no 0 2935  (2,10) (1,10) (1,9) (1,8) (1,7) (0,7) 0 5235 (0,7) (1,7) (1,8) (1,9) (1,10) (2,10) (3,10)
