YES
1 3083146 48376
1 no 0 7  (4,61) (3,61) (2,61) (1,61) (1,60) (1,59) (1,58) (1,57) (1,56) (1,55) (1,54) (1,53) (1,52) (1,51) (1,50) (1,49) (1,48) (1,47) (1,46) (1,45) (1,44) (1,43) (1,42) (1,41) (1,40) (1,39) (1,38) (1,37) (1,36) (1,35) (1,34) (1,33) (1,32) (1,31) (1,30) (1,29) (1,28) (1,27) (1,26) (1,25) (1,24) (1,23) (1,22) (1,21) (1,20) (1,19) (1,18) (1,17) (1,16) (1,15) (1,14) (1,13) (1,12) (1,11) (1,10) (1,9) (1,8) (1,7) (1,6) (1,5) (1,4) (1,3) (1,2) (1,1) (0,1) 0 9722 (0,1) (1,1) (1,2) (1,3) (1,4) (1,5) (1,6) (1,7) (1,8) (1,9) (1,10) (1,11) (1,12) (1,13) (1,14) (1,15) (1,16) (1,17) (1,18) (1,19) (1,20) (1,21) (1,22) (1,23) (1,24) (1,25) (1,26) (1,27) (1,28) (1,29) (1,30) (1,31) (1,32) (1,33) (1,34) (1,35) (1,36) (1,37) (1,38) (1,39) (1,40) (1,41) (1,42) (1,43) (1,44) (1,45) (1,46) (1,47) (1,48) (1,49) (1,50) (1,51) (1,52) (1,53) (1,54) (1,55) (1,56) (1,57) (1,58) (1,59) (1,60) (2,60) (3,60) (4,60) (5,60) (6,60) (7,60) (8,60) (9,60) (10,60) (11,60) (12,60) (13,60) (14,60) (15,60) (16,60) (17,60) (18,60) (19,60) (19,61) (20,61)
2 no 0 135  (4,61) (3,61) (2,61) (1,61) (1,60) (1,59) (1,58) (1,57) (1,56) (1,55) (1,54) (1,53) (1,52) (1,51) (1,50) (1,49) (1,48) (1,47) (1,46) (1,45) (1,44) (1,43) (1,42) (1,41) (1,40) (1,39) (1,38) (1,37) (1,36) (1,35) (1,34) (1,33) (1,32) (1,31) (1,30) (1,29) (1,28) (1,27) (1,26) (1,25) (1,24) (1,23) (1,22) (1,21) (1,20) (1,19) (1,18) (1,17) (1,16) (1,15) (1,14) (1,13) (1,12) (1,11) (1,10) (1,9) (1,8) (1,7) (1,6) (1,5) (1,4) (1,3) (1,2) (0,2) 0 9415 (0,2) (1,2) (1,3) (1,4) (1,5) (1,6) (1,7) (1,8) (1,9) (1,10) (1,11) (1,12) (1,13) (1,14) (1,15) (1,16) (1,17) (1,18) (1,19) (1,20) (1,21) (1,22) (1,23) (1,24) (1,25) (1,26) (1,27) (1,28) (1,29) (1,30) (1,31) (1,32) (1,33) (1,34) (1,35) (1,36) (1,37) (1,38) (1,39) (1,40) (1,41) (1,42) (1,43) (1,44) (1,45) (1,46) (1,47) (1,48) (1,49) (1,50) (1,51) (1,52) (1,53) (1,54) (1,55) (1,56) (1,57) (1,58) (1,59) (1,60) (2,60) (3,60) (4,60) (5,60) (6,60) (7,60) (8,60) (9,60) (10,60) (11,60) (12,60) (13,60) (14,60) (15,60) (16,60) (17,60) (18,60) (19,60) (19,61) (20,61)
3 no 0 261  (4,61) (3,61) (2,61) (1,61) (1,60) (1,59) (1,58) (1,57) (1,56) (1,55) (1,54) (1,53) (1,52) (1,51) (1,50) (1,49) (1,48) (1,47) (1,46) (1,45) (1,44) (1,43) (1,42) (1,41) (1,40) (1,39) (1,38) (1,37) (1,36) (1,35) (1,34) (1,33) (1,32) (1,31) (1,30) (1,29) (1,28) (1,27) (1,26) (1,25) (1,24) (1,23) (1,22) (1,21) (1,20) (1,19) (1,18) (1,17) (1,16) (1,15) (1,14) (1,13) (1,12) (1,11) (1,10) (1,9) (1,8) (1,7) (1,6) (1,5) (1,4) (1,3) (0,3) 0 9882 (0,3) (1,3) (1,4) (1,5) (1,6) (1,7) (1,8) (1,9) (1,10) (1,11) (1,12) (1,13) (1,14) (1,15) (1,16) (1,17) (1,18) (1,19) (1,20) (1,21) (1,22) (1,23) (1,24) (1,25) (1,26) (1,27) (1,28) (1,29) (1,30) (1,31) (1,32) (1,33) (1,34) (1,35) (1,36) (1,37) (1,38) (1,39) (1,40) (1,41) (1,42) (1,43) (1,44) (1,45) (1,46) (1,47) (1,48) (1,49) (1,50) (1,51) (1,52) (1,53) (1,54) (1,55) (1,56) (1,57) (1,58) (1,59) (1,60) (2,60) (3,60) (4,60) (5,60) (6,60) (7,60) (8,60) (9,60) (10,60) (11,60) (12,60) (13,60) (14,60) (15,60) (16,60) (17,60) (18,60) (19,60) (19,61) (20,61)
4 no 0 385  (4,61) (3,61) (2,61) (1,61) (1,60) (1,59) (1,58) (1,57) (1,56) (1,55) (1,54) (1,53) (1,52) (1,51) (1,50) (1,49) (1,48) (1,47) (1,46) (1,45) (1,44) (1,43) (1,42) (1,41) (1,40) (1,39) (1,38) (1,37) (1,36) (1,35) (1,34) (1,33) (1,32) (1,31) (1,30) (1,29) (1,28) (1,27) (1,26) (1,25) (1,24) (1,23) (1,22) (1,21) (1,20) (1,19) (1,18) (1,17) (1,16) (1,15) (1,14) (1,13) (1,12) (1,11) (1,10) (1,9) (1,8) (1,7) (1,6) (1,5) (1,4) (0,4) 0 7575 (0,4) (1,4) (1,5) (1,6) (1,7) (1,8) (1,9) (1,10) (1,11) (1,12) (1,13) (1,14) (1,15) (1,16) (1,17) (1,18) (1,19) (1,20) (1,21) (1,22) (1,23) (1,24) (1,25) (1,26) (1,27) (1,28) (1,29) (1,30) (1,31) (1,32) (1,33) (1,34) (1,35) (1,36) (1,37) (1,38) (1,39) (1,40) (1,41) (1,42) (1,43) (1,44) (1,45) (1,46) (1,47) (1,48) (1,49) (1,50) (1,51) (1,52) (1,53) (1,54) (1,55) (1,56) (1,57) (1,58) (1,59) (1,60) (2,60) (3,60) (4,60) (5,60) (6,60) (7,60) (8,60) (9,60) (10,60) (11,60) (12,60) (13,60) (14,60) (15,60) (16,60) (17,60) (18,60) (19,60) (19,61) (20,61)
5 no 0 507  (4,61) (3,61) (2,61) (1,61) (1,60) (1,59) (1,58) (1,57) (1,56) (1,55) (1,54) (1,53) (1,52) (1,51) (1,50) (1,49) (1,48) (1,47) (1,46) (1,45) (1,44) (1,43) (1,42) (1,41) (1,40) (1,39) (1,38) (1,37) (1,36) (1,35) (1,34) (1,33) (1,32) (1,31) (1,30) (1,29) (1,28) (1,27) (1,26) (1,25) (1,24) (1,23) (1,22) (1,21) (1,20) (1,19) (1,18) (1,17) (1,16) (1,15) (1,14) (1,13) (1,12) (1,11) (1,10) (1,9) (1,8) (1,7) (1,6) (1,5) (0,5) 0 9025 (0,5) (1,5) (1,6) (1,7) (1,8) (1,9) (1,10) (1,11) (1,12) (1,13) (1,14) (1,15) (1,16) (1,17) (1,18) (1,19) (1,20) (1,21) (1,22) (1,23) (1,24) (1,25) (1,26) (1,27) (1,28) (1,29) (1,30) (1,31) (1,32) (1,33) (1,34) (1,35) (1,36) (1,37) (1,38) (1,39) (1,40) (1,41) (1,42) (1,43) (1,44) (1,45) (1,46) (1,47) (1,48) (1,49) (1,50) (1,51) (1,52) (1,53) (1,54) (1,55) (1,56) (1,57) (1,58) (1,59) (1,60) (2,60) (3,60) (4,60) (5,60) (6,60) (7,60) (8,60) (9,60) (10,60) (11,60) (12,60) (13,60) (14,60) (15,60) (16,60) (17,60) (18,60) (19,60) (19,61) (20,61)
6 no 0 627  (4,61) (3,61) (2,61) (1,61) (1,60) (1,59) (1,58) (1,57) (1,56) (1,55) (1,54) (1,53) (1,52) (1,51) (1,50) (1,49) (1,48) (1,47) (1,46) (1,45) (1,44) (1,43) (1,42) (1,41) (1,40) (1,39) (1,38) (1,37) (1,36) (1,35) (1,34) (1,33) (1,32) (1,31) (1,30) (1,29) (1,28) (1,27) (1,26) (1,25) (1,24) (1,23) (1,22) (1,21) (1,20) (1,19) (1,18) (1,17) (1,16) (1,15) (1,14) (1,13) (1,12) (1,11) (1,10) (1,9) (1,8) (1,7) (1,6) (0,6) 0 8547 (0,6) (1,6) (1,7) (1,8) (1,9) (1,10) (1,11) (1,12) (1,13) (1,14) (1,15) (1,16) (1,17) (1,18) (1,19) (1,20) (1,21) (1,22) (1,23) (1,24) (1,25) (1,26) (1,27) (1,28) (1,29) (1,30) (1,31) (1,32) (1,33) (1,34) (1,35) (1,36) (1,37) (1,38) (1,39) (1,40) (1,41) (1,42) (1,43) (1,44) (1,45) (1,46) (1,47) (1,48) (1,49) (1,50) (1,51) (1,52) (1,53) (1,54) (1,55) (1,56) (1,57) (1,58) (1,59) (1,60) (2,60) (3,60) (4,60) (5,60) (6,60) (7,60) (8,60) (9,60) (10,60) (11,60) (12,60) (13,60) (14,60) (15,60) (16,60) (17,60) (18,60) (19,60) (19,61) (20,61)
7 no 0 745  (4,61) (3,61) (2,61) (1,61) (1,60) (1,59) (1,58) (1,57) (1,56) (1,55) (1,54) (1,53) (1,52) (1,51) (1,50) (1,49) (1,48) (1,47) (1,46) (1,45) (1,44) (1,43) (1,42) (1,41) (1,40) (1,39) (1,38) (1,37) (1,36) (1,35) (1,34) (1,33) (1,32) (1,31) (1,30) (1,29) (1,28) (1,27) (1,26) (1,25) (1,24) (1,23) (1,22) (1,21) (1,20) (1,19) (1,18) (1,17) (1,16) (1,15) (1,14) (1,13) (1,12) (1,11) (1,10) (1,9) (1,8) (1,7) (0,7) 0 10180 (0,7) (1,7) (1,8) (1,9) (1,10) (1,11) (1,12) (1,13) (1,14) (1,15) (1,16) (1,17) (1,18) (1,19) (1,20) (1,21) (1,22) (1,23) (1,24) (1,25) (1,26) (1,27) (1,28) (1,29) (1,30) (1,31) (1,32) (1,33) (1,34) (1,35) (1,36) (1,37) (1,38) (1,39) (1,40) (1,41) (1,42) (1,43) (1,44) (1,45) (1,46) (1,47) (1,48) (1,49) (1,50) (1,51) (1,52) (1,53) (1,54) (1,55) (1,56) (1,57) (1,58) (1,59) (1,60) (2,60) (3,60) (4,60) (5,60) (6,60) (7,60) (8,60) (9,60) (10,60) (11,60) (12,60) (13,60) (14,60) (15,60) (16,60) (17,60) (18,60) (19,60) (19,61) (20,61)
8 no 0 861  (4,61) (3,61) (2,61) (1,61) (1,60) (1,59) (1,58) (1,57) (1,56) (1,55) (1,54) (1,53) (1,52) (1,51) (1,50) (1,49) (1,48) (1,47) (1,46) (1,45) (1,44) (1,43) (1,42) (1,41) (1,40) (1,39) (1,38) (1,37) (1,36) (1,35) (1,34) (1,33) (1,32) (1,31) (1,30) (1,29) (1,28) (1,27) (1,26) (1,25) (1,24) (1,23) (1,22) (1,21) (1,20) (1,19) (1,18) (1,17) (1,16) (1,15) (1,14) (1,13) (1,12) (1,11) (1,10) (1,9) (1,8) (0,8) 0 9261 (0,8) (1,8) (1,9) (1,10) (1,11) (1,12) (1,13) (1,14) (1,15) (1,16) (1,17) (1,18) (1,19) (1,20) (1,21) (1,22) (1,23) (1,24) (1,25) (1,26) (1,27) (1,28) (1,29) (1,30) (1,31) (1,32) (1,33) (1,34) (1,35) (1,36) (1,37) (1,38) (1,39) (1,40) (1,41) (1,42) (1,43) (1,44) (1,45) (1,46) (1,47) (1,48) (1,49) (1,50) (1,51) (1,52) (1,53) (1,54) (1,55) (1,56) (1,57) (1,58) (1,59) (1,60) (2,60) (3,60) (4,60) (5,60) (6,60) (7,60) (8,60) (9,60) (10,60) (11,60) (12,60) (13,60) (14,60) (15,60) (16,60) (17,60) (18,60) (19,60) (19,61) (20,61)
9 no 0 975  (4,61) (3,61) (2,61) (1,61) (1,60) (1,59) (1,58) (1,57) (1,56) (1,55) (1,54) (1,53) (1,52) (1,51) (1,50) (1,49) (1,48) (1,47) (1,46) (1,45) (1,44) (1,43) (1,42) (1,41) (1,40) (1,39) (1,38) (1,37) (1,36) (1,35) (1,34) (1,33) (1,32) (1,31) (1,30) (1,29) (1,28) (1,27) (1,26) (1,25) (1,24) (1,23) (1,22) (1,21) (1,20) (1,19) (1,18) (1,17) (1,16) (1,15) (1,14) (1,13) (1,12) (1,11) (1,10) (1,9) (0,9) 0 9568 (0,9) (1,9) (1,10) (1,11) (1,12) (1,13) (1,14) (1,15) (1,16) (1,17) (1,18) (1,19) (1,20) (1,21) (1,22) (1,23) (1,24) (1,25) (1,26) (1,27) (1,28) (1,29) (1,30) (1,31) (1,32) (1,33) (1,34) (1,35) (1,36) (1,37) (1,38) (1,39) (1,40) (1,41) (1,42) (1,43) (1,44) (1,45) (1,46) (1,47) (1,48) (1,49) (1,50) (1,51) (1,52) (1,53) (1,54) (1,55) (1,56) (1,57) (1,58) (1,59) (1,60) (2,60) (3,60) (4,60) (5,60) (6,60) (7,60) (8,60) (9,60) (10,60) (11,60) (12,60) (13,60) (14,60) (15,60) (16,60) (17,60) (18,60) (19,60) (19,61) (20,61)
10 no 0 1087  (4,61) (3,61) (2,61) (1,61) (1,60) (1,59) (1,58) (1,57) (1,56) (1,55) (1,54) (1,53) (1,52) (1,51) (1,50) (1,49) (1,48) (1,47) (1,46) (1,45) (1,44) (1,43) (1,42) (1,41) (1,40) (1,39) (1,38) (1,37) (1,36) (1,35) (1,34) (1,33) (1,32) (1,31) (1,30) (1,29) (1,28) (1,27) (1,26) (1,25) (1,24) (1,23) (1,22) (1,21) (1,20) (1,19) (1,18) (1,17) (1,16) (1,15) (1,14) (1,13) (1,12) (1,11) (1,10) (0,10) 0 10033 (0,10) (1,10) (1,11) (1,12) (1,13) (1,14) (1,15) (1,16) (1,17) (1,18) (1,19) (1,20) (1,21) (1,22) (1,23) (1,24) (1,25) (1,26) (1,27) (1,28) (1,29) (1,30) (1,31) (1,32) (1,33) (1,34) (1,35) (1,36) (1,37) (1,38) (1,39) (1,40) (1,41) (1,42) (1,43) (1,44) (1,45) (1,46) (1,47) (1,48) (1,49) (1,50) (1,51) (1,52) (1,53) (1,54) (1,55) (1,56) (1,57) (1,58) (1,59) (1,60) (2,60) (3,60) (4,60) (5,60) (6,60) (7,60) (8,60) (9,60) (10,60) (11,60) (12,60) (13,60) (14,60) (15,60) (16,60) (17,60) (18,60) (19,60) (19,61) (20,61)
11 yes
12 yes
13 yes
14 yes
15 no 0 1197  (4,61) (3,61) (2,61) (1,61) (1,60) (1,59) (1,58) (1,57) (1,56) (1,55) (1,54) (1,53) (1,52) (1,51) (1,50) (1,49) (1,48) (1,47) (1,46) (1,45) (1,44) (1,43) (1,42) (1,41) (1,40) (1,39) (1,38) (1,37) (1,36) (1,35) (1,34) (1,33) (1,32) (1,31) (1,30) (1,29) (1,28) (1,27) (1,26) (1,25) (1,24) (1,23) (1,22) (1,21) (1,20) (1,19) (1,18) (1,17) (1,16) (1,15) (1,14) (1,13) (1,12) (1,11) (0,11) 0 11902 (0,11) (1,11) (1,12) (1,13) (1,14) (1,15) (1,16) (1,17) (1,18) (1,19) (1,20) (1,21) (1,22) (1,23) (1,24) (1,25) (1,26) (1,27) (1,28) (1,29) (1,30) (1,31) (1,32) (1,33) (1,34) (1,35) (1,36) (1,37) (1,38) (1,39) (1,40) (1,41) (1,42) (1,43) (1,44) (1,45) (1,46) (1,47) (1,48) (1,49) (1,50) (1,51) (1,52) (1,53) (1,54) (1,55) (1,56) (1,57) (1,58) (1,59) (1,60) (2,60) (3,60) (4,60) (5,60) (6,60) (7,60) (8,60) (9,60) (10,60) (11,60) (12,60) (13,60) (14,60) (15,60) (16,60) (17,60) (18,60) (19,60) (19,61) (20,61)
16 no 0 1305  (4,61) (3,61) (2,61) (1,61) (1,60) (1,59) (1,58) (1,57) (1,56) (1,55) (1,54) (1,53) (1,52) (1,51) (1,50) (1,49) (1,48) (1,47) (1,46) (1,45) (1,44) (1,43) (1,42) (1,41) (1,40) (1,39) (1,38) (1,37) (1,36) (1,35) (1,34) (1,33) (1,32) (1,31) (1,30) (1,29) (1,28) (1,27) (1,26) (1,25) (1,24) (1,23) (1,22) (1,21) (1,20) (1,19) (1,18) (1,17) (1,16) (1,15) (1,14) (1,13) (1,12) (0,12) 0 10650 (0,12) (1,12) (1,13) (1,14) (1,15) (1,16) (1,17) (1,18) (1,19) (1,20) (1,21) (1,22) (1,23) (1,24) (1,25) (1,26) (1,27) (1,28) (1,29) (1,30) (1,31) (1,32) (1,33) (1,34) (1,35) (1,36) (1,37) (1,38) (1,39) (1,40) (1,41) (1,42) (1,43) (1,44) (1,45) (1,46) (1,47) (1,48) (1,49) (1,50) (1,51) (1,52) (1,53) (1,54) (1,55) (1,56) (1,57) (1,58) (1,59) (1,60) (2,60) (3,60) (4,60) (5,60) (6,60) (7,60) (8,60) (9,60) (10,60) (11,60) (12,60) (13,60) (14,60) (15,60) (16,60) (17,60) (18,60) (19,60) (19,61) (20,61)
17 yes
18 no 0 1411  (4,61) (3,61) (2,61) (1,61) (1,60) (1,59) (1,58) (1,57) (1,56) (1,55) (1,54) (1,53) (1,52) (1,51) (1,50) (1,49) (1,48) (1,47) (1,46) (1,45) (1,44) (1,43) (1,42) (1,41) (1,40) (1,39) (1,38) (1,37) (1,36) (1,35) (1,34) (1,33) (1,32) (1,31) (1,30) (1,29) (1,28) (1,27) (1,26) (1,25) (1,24) (1,23) (1,22) (1,21) (1,20) (1,19) (1,18) (1,17) (1,16) (1,15) (1,14) (1,13) (0,13) 0 11524 (0,13) (1,13) (1,14) (1,15) (1,16) (1,17) (1,18) (1,19) (1,20) (1,21) (1,22) (1,23) (1,24) (1,25) (1,26) (1,27) (1,28) (1,29) (1,30) (1,31) (1,32) (1,33) (1,34) (1,35) (1,36) (1,37) (1,38) (1,39) (1,40) (1,41) (1,42) (1,43) (1,44) (1,45) (1,46) (1,47) (1,48) (1,49) (1,50) (1,51) (1,52) (1,53) (1,54) (1,55) (1,56) (1,57) (1,58) (1,59) (1,60) (2,60) (3,60) (4,60) (5,60) (6,60) (7,60) (8,60) (9,60) (10,60) (11,60) (12,60) (13,60) (14,60) (15,60) (16,60) (17,60) (18,60) (19,60) (19,61) (20,61)
19 yes
20 yes
21 no 0 1515  (4,61) (3,61) (2,61) (1,61) (1,60) (1,59) (1,58) (1,57) (1,56) (1,55) (1,54) (1,53) (1,52) (1,51) (1,50) (1,49) (1,48) (1,47) (1,46) (1,45) (1,44) (1,43) (1,42) (1,41) (1,40) (1,39) (1,38) (1,37) (1,36) (1,35) (1,34) (1,33) (1,32) (1,31) (1,30) (1,29) (1,28) (1,27) (1,26) (1,25) (1,24) (1,23) (1,22) (1,21) (1,20) (1,19) (1,18) (1,17) (1,16) (1,15) (1,14) (0,14) 0 10512 (0,14) (1,14) (1,15) (1,16) (1,17) (1,18) (1,19) (1,20) (1,21) (1,22) (1,23) (1,24) (1,25) (1,26) (1,27) (1,28) (1,29) (1,30) (1,31) (1,32) (1,33) (1,34) (1,35) (1,36) (1,37) (1,38) (1,39) (1,40) (1,41) (1,42) (1,43) (1,44) (1,45) (1,46) (1,47) (1,48) (1,49) (1,50) (1,51) (1,52) (1,53) (1,54) (1,55) (1,56) (1,57) (1,58) (1,59) (1,60) (2,60) (3,60) (4,60) (5,60) (6,60) (7,60) (8,60) (9,60) (10,60) (11,60) (12,60) (13,60) (14,60) (15,60) (16,60) (17,60) (18,60) (19,60) (19,61) (20,61)
22 yes
23 yes
24 yes
25 yes
26 yes
27 yes
28 no 0 1617  (4,61) (3,61) (2,61) (1,61) (1,60) (1,59) (1,58) (1,57) (1,56) (1,55) (1,54) (1,53) (1,52) (1,51) (1,50) (1,49) (1,48) (1,47) (1,46) (1,45) (1,44) (1,43) (1,42) (1,41) (1,40) (1,39) (1,38) (1,37) (1,36) (1,35) (1,34) (1,33) (1,32) (1,31) (1,30) (1,29) (1,28) (1,27) (1,26) (1,25) (1,24) (1,23) (1,22) (1,21) (1,20) (1,19) (1,18) (1,17) (1,16) (1,15) (0,15) 0 11134 (0,15) (1,15) (1,16) (1,17) (1,18) (1,19) (1,20) (1,21) (1,22) (1,23) (1,24) (1,25) (1,26) (1,27) (1,28) (1,29) (1,30) (1,31) (1,32) (1,33) (1,34) (1,35) (1,36) (1,37) (1,38) (1,39) (1,40) (1,41) (1,42) (1,43) (1,44) (1,45) (1,46) (1,47) (1,48) (1,49) (1,50) (1,51) (1,52) (1,53) (1,54) (1,55) (1,56) (1,57) (1,58) (1,59) (1,60) (2,60) (3,60) (4,60) (5,60) (6,60) (7,60) (8,60) (9,60) (10,60) (11,60) (12,60) (13,60) (14,60) (15,60) (16,60) (17,60) (18,60) (19,60) (19,61) (20,61)
29 yes
30 yes
31 yes
32 no 0 1717  (4,61) (3,61) (2,61) (1,61) (1,60) (1,59) (1,58) (1,57) (1,56) (1,55) (1,54) (1,53) (1,52) (1,51) (1,50) (1,49) (1,48) (1,47) (1,46) (1,45) (1,44) (1,43) (1,42) (1,41) (1,40) (1,39) (1,38) (1,37) (1,36) (1,35) (1,34) (1,33) (1,32) (1,31) (1,30) (1,29) (1,28) (1,27) (1,26) (1,25) (1,24) (1,23) (1,22) (1,21) (1,20) (1,19) (1,18) (1,17) (1,16) (0,16) 0 11001 (0,16) (1,16) (1,17) (1,18) (1,19) (1,20) (1,21) (1,22) (1,23) (1,24) (1,25) (1,26) (1,27) (1,28) (1,29) (1,30) (1,31) (1,32) (1,33) (1,34) (1,35) (1,36) (1,37) (1,38) (1,39) (1,40) (1,41) (1,42) (1,43) (1,44) (1,45) (1,46) (1,47) (1,48) (1,49) (1,50) (1,51) (1,52) (1,53) (1,54) (1,55) (1,56) (1,57) (1,58) (1,59) (1,60) (2,60) (3,60) (4,60) (5,60) (6,60) (7,60) (8,60) (9,60) (10,60) (11,60) (12,60) (13,60) (14,60) (15,60) (16,60) (17,60) (18,60) (19,60) (19,61) (20,61)
33 yes
34 yes
35 yes
36 yes
37 no 0 1815  (4,61) (3,61) (2,61) (1,61) (1,60) (1,59) (1,58) (1,57) (1,56) (1,55) (1,54) (1,53) (1,52) (1,51) (1,50) (1,49) (1,48) (1,47) (1,46) (1,45) (1,44) (1,43) (1,42) (1,41) (1,40) (1,39) (1,38) (1,37) (1,36) (1,35) (1,34) (1,33) (1,32) (1,31) (1,30) (1,29) (1,28) (1,27) (1,26) (1,25) (1,24) (1,23) (1,22) (1,21) (1,20) (1,19) (1,18) (1,17) (0,17) 0 12386 (0,17) (1,17) (1,18) (1,19) (1,20) (1,21) (1,22) (1,23) (1,24) (1,25) (1,26) (1,27) (1,28) (1,29) (1,30) (1,31) (1,32) (1,33) (1,34) (1,35) (1,36) (1,37) (1,38) (1,39) (1,40) (1,41) (1,42) (1,43) (1,44) (1,45) (1,46) (1,47) (1,48) (1,49) (1,50) (1,51) (1,52) (1,53) (1,54) (1,55) (1,56) (1,57) (1,58) (1,59) (1,60) (2,60) (3,60) (4,60) (5,60) (6,60) (7,60) (8,60) (9,60) (10,60) (11,60) (12,60) (13,60) (14,60) (15,60) (16,60) (17,60) (18,60) (19,60) (19,61) (20,61)
38 no 0 1911  (4,61) (3,61) (2,61) (1,61) (1,60) (1,59) (1,58) (1,57) (1,56) (1,55) (1,54) (1,53) (1,52) (1,51) (1,50) (1,49) (1,48) (1,47) (1,46) (1,45) (1,44) (1,43) (1,42) (1,41) (1,40) (1,39) (1,38) (1,37) (1,36) (1,35) (1,34) (1,33) (1,32) (1,31) (1,30) (1,29) (1,28) (1,27) (1,26) (1,25) (1,24) (1,23) (1,22) (1,21) (1,20) (1,19) (1,18) (0,18) 0 11391 (0,18) (1,18) (1,19) (1,20) (1,21) (1,22) (1,23) (1,24) (1,25) (1,26) (1,27) (1,28) (1,29) (1,30) (1,31) (1,32) (1,33) (1,34) (1,35) (1,36) (1,37) (1,38) (1,39) (1,40) (1,41) (1,42) (1,43) (1,44) (1,45) (1,46) (1,47) (1,48) (1,49) (1,50) (1,51) (1,52) (1,53) (1,54) (1,55) (1,56) (1,57) (1,58) (1,59) (1,60) (2,60) (3,60) (4,60) (5,60) (6,60) (7,60) (8,60) (9,60) (10,60) (11,60) (12,60) (13,60) (14,60) (15,60) (16,60) (17,60) (18,60) (19,60) (19,61) (20,61)
39 yes
40 yes
41 yes
42 yes
43 yes
44 yes
45 yes
46 yes
47 yes
48 yes
49 yes
50 no 0 2005  (4,61) (3,61) (2,61) (1,61) (1,60) (1,59) (1,58) (1,57) (1,56) (1,55) (1,54) (1,53) (1,52) (1,51) (1,50) (1,49) (1,48) (1,47) (1,46) (1,45) (1,44) (1,43) (1,42) (1,41) (1,40) (1,39) (1,38) (1,37) (1,36) (1,35) (1,34) (1,33) (1,32) (1,31) (1,30) (1,29) (1,28) (1,27) (1,26) (1,25) (1,24) (1,23) (1,22) (1,21) (1,20) (1,19) (0,19) 0 11264 (0,19) (1,19) (1,20) (1,21) (1,22) (1,23) (1,24) (1,25) (1,26) (1,27) (1,28) (1,29) (1,30) (1,31) (1,32) (1,33) (1,34) (1,35) (1,36) (1,37) (1,38) (1,39) (1,40) (1,41) (1,42) (1,43) (1,44) (1,45) (1,46) (1,47) (1,48) (1,49) (1,50) (1,51) (1,52) (1,53) (1,54) (1,55) (1,56) (1,57) (1,58) (1,59) (1,60) (2,60) (3,60) (4,60) (5,60) (6,60) (7,60) (8,60) (9,60) (10,60) (11,60) (12,60) (13,60) (14,60) (15,60) (16,60) (17,60) (18,60) (19,60) (19,61) (20,61)
51 yes
52 yes
53 no 0 2097  (4,61) (3,61) (2,61) (1,61) (1,60) (1,59) (1,58) (1,57) (1,56) (1,55) (1,54) (1,53) (1,52) (1,51) (1,50) (1,49) (1,48) (1,47) (1,46) (1,45) (1,44) (1,43) (1,42) (1,41) (1,40) (1,39) (1,38) (1,37) (1,36) (1,35) (1,34) (1,33) (1,32) (1,31) (1,30) (1,29) (1,28) (1,27) (1,26) (1,25) (1,24) (1,23) (1,22) (1,21) (1,20) (0,20) 0 12733 (0,20) (1,20) (1,21) (1,22) (1,23) (1,24) (1,25) (1,26) (1,27) (1,28) (1,29) (1,30) (1,31) (1,32) (1,33) (1,34) (1,35) (1,36) (1,37) (1,38) (1,39) (1,40) (1,41) (1,42) (1,43) (1,44) (1,45) (1,46) (1,47) (1,48) (1,49) (1,50) (1,51) (1,52) (1,53) (1,54) (1,55) (1,56) (1,57) (1,58) (1,59) (1,60) (2,60) (3,60) (4,60) (5,60) (6,60) (7,60) (8,60) (9,60) (10,60) (11,60) (12,60) (13,60) (14,60) (15,60) (16,60) (17,60) (18,60) (19,60) (19,61) (20,61)
54 no 0 2187  (4,61) (3,61) (2,61) (1,61) (1,60) (1,59) (1,58) (1,57) (1,56) (1,55) (1,54) (1,53) (1,52) (1,51) (1,50) (1,49) (1,48) (1,47) (1,46) (1,45) (1,44) (1,43) (1,42) (1,41) (1,40) (1,39) (1,38) (1,37) (1,36) (1,35) (1,34) (1,33) (1,32) (1,31) (1,30) (1,29) (1,28) (1,27) (1,26) (1,25) (1,24) (1,23) (1,22) (1,21) (0,21) 0 11770 (0,21) (1,21) (1,22) (1,23) (1,24) (1,25) (1,26) (1,27) (1,28) (1,29) (1,30) (1,31) (1,32) (1,33) (1,34) (1,35) (1,36) (1,37) (1,38) (1,39) (1,40) (1,41) (1,42) (1,43) (1,44) (1,45) (1,46) (1,47) (1,48) (1,49) (1,50) (1,51) (1,52) (1,53) (1,54) (1,55) (1,56) (1,57) (1,58) (1,59) (1,60) (2,60) (3,60) (4,60) (5,60) (6,60) (7,60) (8,60) (9,60) (10,60) (11,60) (12,60) (13,60) (14,60) (15,60) (16,60) (17,60) (18,60) (19,60) (19,61) (20,61)
55 yes
56 yes
57 yes
58 yes
59 yes
60 yes
61 yes
62 yes
63 yes
64 yes
65 yes
66 yes
67 yes
68 no 0 2275  (4,61) (3,61) (2,61) (1,61) (1,60) (1,59) (1,58) (1,57) (1,56) (1,55) (1,54) (1,53) (1,52) (1,51) (1,50) (1,49) (1,48) (1,47) (1,46) (1,45) (1,44) (1,43) (1,42) (1,41) (1,40) (1,39) (1,38) (1,37) (1,36) (1,35) (1,34) (1,33) (1,32) (1,31) (1,30) (1,29) (1,28) (1,27) (1,26) (1,25) (1,24) (1,23) (1,22) (0,22) 0 12033 (0,22) (1,22) (1,23) (1,24) (1,25) (1,26) (1,27) (1,28) (1,29) (1,30) (1,31) (1,32) (1,33) (1,34) (1,35) (1,36) (1,37) (1,38) (1,39) (1,40) (1,41) (1,42) (1,43) (1,44) (1,45) (1,46) (1,47) (1,48) (1,49) (1,50) (1,51) (1,52) (1,53) (1,54) (1,55) (1,56) (1,57) (1,58) (1,59) (1,60) (2,60) (3,60) (4,60) (5,60) (6,60) (7,60) (8,60) (9,60) (10,60) (11,60) (12,60) (13,60) (14,60) (15,60) (16,60) (17,60) (18,60) (19,60) (19,61) (20,61)
69 yes
70 yes
71 yes
72 yes
73 yes
74 yes
75 yes
76 yes
77 yes
78 yes
79 yes
80 yes
81 no 0 2361  (4,61) (3,61) (2,61) (1,61) (1,60) (1,59) (1,58) (1,57) (1,56) (1,55) (1,54) (1,53) (1,52) (1,51) (1,50) (1,49) (1,48) (1,47) (1,46) (1,45) (1,44) (1,43) (1,42) (1,41) (1,40) (1,39) (1,38) (1,37) (1,36) (1,35) (1,34) (1,33) (1,32) (1,31) (1,30) (1,29) (1,28) (1,27) (1,26) (1,25) (1,24) (1,23) (0,23) 0 12262 (0,23) (1,23) (1,24) (1,25) (1,26) (1,27) (1,28) (1,29) (1,30) (1,31) (1,32) (1,33) (1,34) (1,35) (1,36) (1,37) (1,38) (1,39) (1,40) (1,41) (1,42) (1,43) (1,44) (1,45) (1,46) (1,47) (1,48) (1,49) (1,50) (1,51) (1,52) (1,53) (1,54) (1,55) (1,56) (1,57) (1,58) (1,59) (1,60) (2,60) (3,60) (4,60) (5,60) (6,60) (7,60) (8,60) (9,60) (10,60) (11,60) (12,60) (13,60) (14,60) (15,60) (16,60) (17,60) (18,60) (19,60) (19,61) (20,61)
82 yes
83 no 0 2445  (4,61) (3,61) (2,61) (1,61) (1,60) (1,59) (1,58) (1,57) (1,56) (1,55) (1,54) (1,53) (1,52) (1,51) (1,50) (1,49) (1,48) (1,47) (1,46) (1,45) (1,44) (1,43) (1,42) (1,41) (1,40) (1,39) (1,38) (1,37) (1,36) (1,35) (1,34) (1,33) (1,32) (1,31) (1,30) (1,29) (1,28) (1,27) (1,26) (1,25) (1,24) (0,24) 0 11651 (0,24) (1,24) (1,25) (1,26) (1,27) (1,28) (1,29) (1,30) (1,31) (1,32) (1,33) (1,34) (1,35) (1,36) (1,37) (1,38) (1,39) (1,40) (1,41) (1,42) (1,43) (1,44) (1,45) (1,46) (1,47) (1,48) (1,49) (1,50) (1,51) (1,52) (1,53) (1,54) (1,55) (1,56) (1,57) (1,58) (1,59) (1,60) (2,60) (3,60) (4,60) (5,60) (6,60) (7,60) (8,60) (9,60) (10,60) (11,60) (12,60) (13,60) (14,60) (15,60) (16,60) (17,60) (18,60) (19,60) (19,61) (20,61)
84 yes
85 yes
86 yes
87 yes
88 yes
89 yes
90 yes
91 yes
92 yes
93 yes
94 yes
95 yes
96 yes
97 yes
98 yes
99 yes
100 no 0 2527  (4,61) (3,61) (2,61) (1,61) (1,60) (1,59) (1,58) (1,57) (1,56) (1,55) (1,54) (1,53) (1,52) (1,51) (1,50) (1,49) (1,48) (1,47) (1,46) (1,45) (1,44) (1,43) (1,42) (1,41) (1,40) (1,39) (1,38) (1,37) (1,36) (1,35) (1,34) (1,33) (1,32) (1,31) (1,30) (1,29) (1,28) (1,27) (1,26) (1,25) (0,25) 0 12508 (0,25) (1,25) (1,26) (1,27) (1,28) (1,29) (1,30) (1,31) (1,32) (1,33) (1,34) (1,35) (1,36) (1,37) (1,38) (1,39) (1,40) (1,41) (1,42) (1,43) (1,44) (1,45) (1,46) (1,47) (1,48) (1,49) (1,50) (1,51) (1,52) (1,53) (1,54) (1,55) (1,56) (1,57) (1,58) (1,59) (1,60) (2,60) (3,60) (4,60) (5,60) (6,60) (7,60) (8,60) (9,60) (10,60) (11,60) (12,60) (13,60) (14,60) (15,60) (16,60) (17,60) (18,60) (19,60) (19,61) (20,61)
101 yes
102 yes
103 yes
104 yes
105 no 0 2607  (4,61) (3,61) (2,61) (1,61) (1,60) (1,59) (1,58) (1,57) (1,56) (1,55) (1,54) (1,53) (1,52) (1,51) (1,50) (1,49) (1,48) (1,47) (1,46) (1,45) (1,44) (1,43) (1,42) (1,41) (1,40) (1,39) (1,38) (1,37) (1,36) (1,35) (1,34) (1,33) (1,32) (1,31) (1,30) (1,29) (1,28) (1,27) (1,26) (0,26) 0 12959 (0,26) (1,26) (1,27) (1,28) (1,29) (1,30) (1,31) (1,32) (1,33) (1,34) (1,35) (1,36) (1,37) (1,38) (1,39) (1,40) (1,41) (1,42) (1,43) (1,44) (1,45) (1,46) (1,47) (1,48) (1,49) (1,50) (1,51) (1,52) (1,53) (1,54) (1,55) (1,56) (1,57) (1,58) (1,59) (1,60) (2,60) (3,60) (4,60) (5,60) (6,60) (7,60) (8,60) (9,60) (10,60) (11,60) (12,60) (13,60) (14,60) (15,60) (16,60) (17,60) (18,60) (19,60) (19,61) (20,61)
106 yes
107 yes
108 yes
109 yes
110 yes
111 yes
112 yes
113 yes
114 yes
115 yes
116 yes
117 yes
118 yes
119 yes
120 yes
121 yes
122 yes
123 no 0 2685  (4,61) (3,61) (2,61) (1,61) (1,60) (1,59) (1,58) (1,57) (1,56) (1,55) (1,54) (1,53) (1,52) (1,51) (1,50) (1,49) (1,48) (1,47) (1,46) (1,45) (1,44) (1,43) (1,42) (1,41) (1,40) (1,39) (1,38) (1,37) (1,36) (1,35) (1,34) (1,33) (1,32) (1,31) (1,30) (1,29) (1,28) (1,27) (0,27) 0 12148 (0,27) (1,27) (1,28) (1,29) (1,30) (1,31) (1,32) (1,33) (1,34) (1,35) (1,36) (1,37) (1,38) (1,39) (1,40) (1,41) (1,42) (1,43) (1,44) (1,45) (1,46) (1,47) (1,48) (1,49) (1,50) (1,51) (1,52) (1,53) (1,54) (1,55) (1,56) (1,57) (1,58) (1,59) (1,60) (2,60) (3,60) (4,60) (5,60) (6,60) (7,60) (8,60) (9,60) (10,60) (11,60) (12,60) (13,60) (14,60) (15,60) (16,60) (17,60) (18,60) (19,60) (19,61) (20,61)
124 no 0 2761  (4,61) (3,61) (2,61) (1,61) (1,60) (1,59) (1,58) (1,57) (1,56) (1,55) (1,54) (1,53) (1,52) (1,51) (1,50) (1,49) (1,48) (1,47) (1,46) (1,45) (1,44) (1,43) (1,42) (1,41) (1,40) (1,39) (1,38) (1,37) (1,36) (1,35) (1,34) (1,33) (1,32) (1,31) (1,30) (1,29) (1,28) (0,28) 0 12849 (0,28) (1,28) (1,29) (1,30) (1,31) (1,32) (1,33) (1,34) (1,35) (1,36) (1,37) (1,38) (1,39) (1,40) (1,41) (1,42) (1,43) (1,44) (1,45) (1,46) (1,47) (1,48) (1,49) (1,50) (1,51) (1,52) (1,53) (1,54) (1,55) (1,56) (1,57) (1,58) (1,59) (1,60) (2,60) (3,60) (4,60) (5,60) (6,60) (7,60) (8,60) (9,60) (10,60) (11,60) (12,60) (13,60) (14,60) (15,60) (16,60) (17,60) (18,60) (19,60) (19,61) (20,61)
125 yes
126 yes
127 yes
128 yes
129 yes
130 yes
131 yes
132 yes
133 yes
134 yes
135 yes
136 yes
137 yes
138 yes
139 yes
140 yes
141 yes
142 yes
143 yes
144 yes
145 yes
146 yes
147 yes
148 yes
149 yes
150 yes
151 no 0 2835  (4,61) (3,61) (2,61) (1,61) (1,60) (1,59) (1,58) (1,57) (1,56) (1,55) (1,54) (1,53) (1,52) (1,51) (1,50) (1,49) (1,48) (1,47) (1,46) (1,45) (1,44) (1,43) (1,42) (1,41) (1,40) (1,39) (1,38) (1,37) (1,36) (1,35) (1,34) (1,33) (1,32) (1,31) (1,30) (1,29) (0,29) 0 12618 (0,29) (1,29) (1,30) (1,31) (1,32) (1,33) (1,34) (1,35) (1,36) (1,37) (1,38) (1,39) (1,40) (1,41) (1,42) (1,43) (1,44) (1,45) (1,46) (1,47) (1,48) (1,49) (1,50) (1,51) (1,52) (1,53) (1,54) (1,55) (1,56) (1,57) (1,58) (1,59) (1,60) (2,60) (3,60) (4,60) (5,60) (6,60) (7,60) (8,60) (9,60) (10,60) (11,60) (12,60) (13,60) (14,60) (15,60) (16,60) (17,60) (18,60) (19,60) (19,61) (20,61)
152 yes
153 yes
154 yes
155 no 0 2907  (4,61) (3,61) (2,61) (1,61) (1,60) (1,59) (1,58) (1,57) (1,56) (1,55) (1,54) (1,53) (1,52) (1,51) (1,50) (1,49) (1,48) (1,47) (1,46) (1,45) (1,44) (1,43) (1,42) (1,41) (1,40) (1,39) (1,38) (1,37) (1,36) (1,35) (1,34) (1,33) (1,32) (1,31) (1,30) (0,30) 0 13545 (0,30) (1,30) (1,31) (1,32) (1,33) (1,34) (1,35) (1,36) (1,37) (1,38) (1,39) (1,40) (1,41) (1,42) (1,43) (1,44) (1,45) (1,46) (1,47) (1,48) (1,49) (1,50) (1,51) (1,52) (1,53) (1,54) (1,55) (1,56) (1,57) (1,58) (1,59) (1,60) (2,60) (3,60) (4,60) (5,60) (6,60) (7,60) (8,60) (9,60) (10,60) (11,60) (12,60) (13,60) (14,60) (15,60) (16,60) (17,60) (18,60) (19,60) (19,61) (20,61)
156 no 0 2977  (4,61) (3,61) (2,61) (1,61) (1,60) (1,59) (1,58) (1,57) (1,56) (1,55) (1,54) (1,53) (1,52) (1,51) (1,50) (1,49) (1,48) (1,47) (1,46) (1,45) (1,44) (1,43) (1,42) (1,41) (1,40) (1,39) (1,38) (1,37) (1,36) (1,35) (1,34) (1,33) (1,32) (1,31) (0,31) 0 13158 (0,31) (1,31) (1,32) (1,33) (1,34) (1,35) (1,36) (1,37) (1,38) (1,39) (1,40) (1,41) (1,42) (1,43) (1,44) (1,45) (1,46) (1,47) (1,48) (1,49) (1,50) (1,51) (1,52) (1,53) (1,54) (1,55) (1,56) (1,57) (1,58) (1,59) (1,60) (2,60) (3,60) (4,60) (5,60) (6,60) (7,60) (8,60) (9,60) (10,60) (11,60) (12,60) (13,60) (14,60) (15,60) (16,60) (17,60) (18,60) (19,60) (19,61) (20,61)
157 yes
158 yes
159 yes
160 yes
161 yes
162 yes
163 yes
164 yes
165 yes
166 yes
167 yes
168 yes
169 yes
170 yes
171 yes
172 yes
173 yes
174 yes
175 yes
176 yes
177 yes
178 no 0 3045  (4,61) (3,61) (2,61) (1,61) (1,60) (1,59) (1,58) (1,57) (1,56) (1,55) (1,54) (1,53) (1,52) (1,51) (1,50) (1,49) (1,48) (1,47) (1,46) (1,45) (1,44) (1,43) (1,42) (1,41) (1,40) (1,39) (1,38) (1,37) (1,36) (1,35) (1,34) (1,33) (1,32) (0,32) 0 13345 (0,32) (1,32) (1,33) (1,34) (1,35) (1,36) (1,37) (1,38) (1,39) (1,40) (1,41) (1,42) (1,43) (1,44) (1,45) (1,46) (1,47) (1,48) (1,49) (1,50) (1,51) (1,52) (1,53) (1,54) (1,55) (1,56) (1,57) (1,58) (1,59) (1,60) (2,60) (3,60) (4,60) (5,60) (6,60) (7,60) (8,60) (9,60) (10,60) (11,60) (12,60) (13,60) (14,60) (15,60) (16,60) (17,60) (18,60) (19,60) (19,61) (20,61)
179 yes
180 yes
181 yes
182 yes
183 yes
184 yes
185 yes
186 yes
187 yes
188 yes
189 yes
190 yes
191 yes
192 yes
193 yes
194 yes
195 yes
196 yes
197 yes
198 yes
199 yes
200 no 0 3111  (4,61) (3,61) (2,61) (1,61) (1,60) (1,59) (1,58) (1,57) (1,56) (1,55) (1,54) (1,53) (1,52) (1,51) (1,50) (1,49) (1,48) (1,47) (1,46) (1,45) (1,44) (1,43) (1,42) (1,41) (1,40) (1,39) (1,38) (1,37) (1,36) (1,35) (1,34) (1,33) (0,33) 0 13444 (0,33) (1,33) (1,34) (1,35) (1,36) (1,37) (1,38) (1,39) (1,40) (1,41) (1,42) (1,43) (1,44) (1,45) (1,46) (1,47) (1,48) (1,49) (1,50) (1,51) (1,52) (1,53) (1,54) (1,55) (1,56) (1,57) (1,58) (1,59) (1,60) (2,60) (3,60) (4,60) (5,60) (6,60) (7,60) (8,60) (9,60) (10,60) (11,60) (12,60) (13,60) (14,60) (15,60) (16,60) (17,60) (18,60) (19,60) (19,61) (20,61)
201 yes
202 yes
203 yes
204 yes
205 yes
206 yes
207 yes
208 no 0 3175  (4,61) (3,61) (2,61) (1,61) (1,60) (1,59) (1,58) (1,57) (1,56) (1,55) (1,54) (1,53) (1,52) (1,51) (1,50) (1,49) (1,48) (1,47) (1,46) (1,45) (1,44) (1,43) (1,42) (1,41) (1,40) (1,39) (1,38) (1,37) (1,36) (1,35) (1,34) (0,34) 0 13733 (0,34) (1,34) (1,35) (1,36) (1,37) (1,38) (1,39) (1,40) (1,41) (1,42) (1,43) (1,44) (1,45) (1,46) (1,47) (1,48) (1,49) (1,50) (1,51) (1,52) (1,53) (1,54) (1,55) (1,56) (1,57) (1,58) (1,59) (1,60) (2,60) (3,60) (4,60) (5,60) (6,60) (7,60) (8,60) (9,60) (10,60) (11,60) (12,60) (13,60) (14,60) (15,60) (16,60) (17,60) (18,60) (19,60) (19,61) (20,61)
209 yes
210 yes
211 yes
212 yes
213 yes
214 yes
215 yes
216 yes
217 yes
218 yes
219 yes
220 no 0 3237  (4,61) (3,61) (2,61) (1,61) (1,60) (1,59) (1,58) (1,57) (1,56) (1,55) (1,54) (1,53) (1,52) (1,51) (1,50) (1,49) (1,48) (1,47) (1,46) (1,45) (1,44) (1,43) (1,42) (1,41) (1,40) (1,39) (1,38) (1,37) (1,36) (1,35) (0,35) 0 13966 (0,35) (1,35) (1,36) (1,37) (1,38) (1,39) (1,40) (1,41) (1,42) (1,43) (1,44) (1,45) (1,46) (1,47) (1,48) (1,49) (1,50) (1,51) (1,52) (1,53) (1,54) (1,55) (1,56) (1,57) (1,58) (1,59) (1,60) (2,60) (3,60) (4,60) (5,60) (6,60) (7,60) (8,60) (9,60) (10,60) (11,60) (12,60) (13,60) (14,60) (15,60) (16,60) (17,60) (18,60) (19,60) (19,61) (20,61)
221 yes
222 yes
223 yes
224 yes
225 yes
226 yes
227 no 0 3297  (4,61) (3,61) (2,61) (1,61) (1,60) (1,59) (1,58) (1,57) (1,56) (1,55) (1,54) (1,53) (1,52) (1,51) (1,50) (1,49) (1,48) (1,47) (1,46) (1,45) (1,44) (1,43) (1,42) (1,41) (1,40) (1,39) (1,38) (1,37) (1,36) (0,36) 0 13061 (0,36) (1,36) (1,37) (1,38) (1,39) (1,40) (1,41) (1,42) (1,43) (1,44) (1,45) (1,46) (1,47) (1,48) (1,49) (1,50) (1,51) (1,52) (1,53) (1,54) (1,55) (1,56) (1,57) (1,58) (1,59) (1,60) (2,60) (3,60) (4,60) (5,60) (6,60) (7,60) (8,60) (9,60) (10,60) (11,60) (12,60) (13,60) (14,60) (15,60) (16,60) (17,60) (18,60) (19,60) (19,61) (20,61)
228 yes
229 yes
230 yes
231 yes
232 yes
233 yes
234 yes
235 yes
236 yes
237 yes
238 yes
239 yes
240 no 0 3355  (4,61) (3,61) (2,61) (1,61) (1,60) (1,59) (1,58) (1,57) (1,56) (1,55) (1,54) (1,53) (1,52) (1,51) (1,50) (1,49) (1,48) (1,47) (1,46) (1,45) (1,44) (1,43) (1,42) (1,41) (1,40) (1,39) (1,38) (1,37) (0,37) 0 14440 (0,37) (1,37) (1,38) (1,39) (1,40) (1,41) (1,42) (1,43) (1,44) (1,45) (1,46) (1,47) (1,48) (1,49) (1,50) (1,51) (1,52) (1,53) (1,54) (1,55) (1,56) (1,57) (1,58) (1,59) (1,60) (2,60) (3,60) (4,60) (5,60) (6,60) (7,60) (8,60) (9,60) (10,60) (11,60) (12,60) (13,60) (14,60) (15,60) (16,60) (17,60) (18,60) (19,60) (19,61) (20,61)
241 yes
242 yes
243 yes
244 yes
245 yes
246 yes
247 yes
248 yes
249 no 0 3411  (4,61) (3,61) (2,61) (1,61) (1,60) (1,59) (1,58) (1,57) (1,56) (1,55) (1,54) (1,53) (1,52) (1,51) (1,50) (1,49) (1,48) (1,47) (1,46) (1,45) (1,44) (1,43) (1,42) (1,41) (1,40) (1,39) (1,38) (0,38) 0 13641 (0,38) (1,38) (1,39) (1,40) (1,41) (1,42) (1,43) (1,44) (1,45) (1,46) (1,47) (1,48) (1,49) (1,50) (1,51) (1,52) (1,53) (1,54) (1,55) (1,56) (1,57) (1,58) (1,59) (1,60) (2,60) (3,60) (4,60) (5,60) (6,60) (7,60) (8,60) (9,60) (10,60) (11,60) (12,60) (13,60) (14,60) (15,60) (16,60) (17,60) (18,60) (19,60) (19,61) (20,61)
250 yes
251 yes
252 yes
253 yes
254 yes
255 no 0 3465  (4,61) (3,61) (2,61) (1,61) (1,60) (1,59) (1,58) (1,57) (1,56) (1,55) (1,54) (1,53) (1,52) (1,51) (1,50) (1,49) (1,48) (1,47) (1,46) (1,45) (1,44) (1,43) (1,42) (1,41) (1,40) (1,39) (0,39) 0 13252 (0,39) (1,39) (1,40) (1,41) (1,42) (1,43) (1,44) (1,45) (1,46) (1,47) (1,48) (1,49) (1,50) (1,51) (1,52) (1,53) (1,54) (1,55) (1,56) (1,57) (1,58) (1,59) (1,60) (2,60) (3,60) (4,60) (5,60) (6,60) (7,60) (8,60) (9,60) (10,60) (11,60) (12,60) (13,60) (14,60) (15,60) (16,60) (17,60) (18,60) (19,60) (19,61) (20,61)
256 yes
257 yes
258 yes
259 no 0 3517  (4,61) (3,61) (2,61) (1,61) (1,60) (1,59) (1,58) (1,57) (1,56) (1,55) (1,54) (1,53) (1,52) (1,51) (1,50) (1,49) (1,48) (1,47) (1,46) (1,45) (1,44) (1,43) (1,42) (1,41) (1,40) (0,40) 0 13877 (0,40) (1,40) (1,41) (1,42) (1,43) (1,44) (1,45) (1,46) (1,47) (1,48) (1,49) (1,50) (1,51) (1,52) (1,53) (1,54) (1,55) (1,56) (1,57) (1,58) (1,59) (1,60) (2,60) (3,60) (4,60) (5,60) (6,60) (7,60) (8,60) (9,60) (10,60) (11,60) (12,60) (13,60) (14,60) (15,60) (16,60) (17,60) (18,60) (19,60) (19,61) (20,61)
260 yes
261 yes
262 yes
263 yes
264 yes
265 yes
266 yes
267 yes
268 yes
269 yes
270 yes
271 yes
272 yes
273 no 0 3567  (4,61) (3,61) (2,61) (1,61) (1,60) (1,59) (1,58) (1,57) (1,56) (1,55) (1,54) (1,53) (1,52) (1,51) (1,50) (1,49) (1,48) (1,47) (1,46) (1,45) (1,44) (1,43) (1,42) (1,41) (0,41) 0 14130 (0,41) (1,41) (1,42) (1,43) (1,44) (1,45) (1,46) (1,47) (1,48) (1,49) (1,50) (1,51) (1,52) (1,53) (1,54) (1,55) (1,56) (1,57) (1,58) (1,59) (1,60) (2,60) (3,60) (4,60) (5,60) (6,60) (7,60) (8,60) (9,60) (10,60) (11,60) (12,60) (13,60) (14,60) (15,60) (16,60) (17,60) (18,60) (19,60) (19,61) (20,61)
274 yes
275 yes
276 yes
277 yes
278 yes
279 yes
280 yes
281 yes
282 yes
283 yes
284 yes
285 yes
286 yes
287 yes
288 yes
289 yes
290 no 0 3615  (4,61) (3,61) (2,61) (1,61) (1,60) (1,59) (1,58) (1,57) (1,56) (1,55) (1,54) (1,53) (1,52) (1,51) (1,50) (1,49) (1,48) (1,47) (1,46) (1,45) (1,44) (1,43) (1,42) (0,42) 0 14211 (0,42) (1,42) (1,43) (1,44) (1,45) (1,46) (1,47) (1,48) (1,49) (1,50) (1,51) (1,52) (1,53) (1,54) (1,55) (1,56) (1,57) (1,58) (1,59) (1,60) (2,60) (3,60) (4,60) (5,60) (6,60) (7,60) (8,60) (9,60) (10,60) (11,60) (12,60) (13,60) (14,60) (15,60) (16,60) (17,60) (18,60) (19,60) (19,61) (20,61)
291 yes
292 no 0 3661  (4,61) (3,61) (2,61) (1,61) (1,60) (1,59) (1,58) (1,57) (1,56) (1,55) (1,54) (1,53) (1,52) (1,51) (1,50) (1,49) (1,48) (1,47) (1,46) (1,45) (1,44) (1,43) (0,43) 0 14356 (0,43) (1,43) (1,44) (1,45) (1,46) (1,47) (1,48) (1,49) (1,50) (1,51) (1,52) (1,53) (1,54) (1,55) (1,56) (1,57) (1,58) (1,59) (1,60) (2,60) (3,60) (4,60) (5,60) (6,60) (7,60) (8,60) (9,60) (10,60) (11,60) (12,60) (13,60) (14,60) (15,60) (16,60) (17,60) (18,60) (19,60) (19,61) (20,61)
293 yes
294 yes
295 yes
296 yes
297 yes
298 yes
299 yes
300 yes
301 yes
302 yes
303 yes
304 yes
305 yes
306 yes
307 yes
308 yes
309 yes
310 yes
311 yes
312 yes
313 yes
314 yes
315 yes
316 yes
317 yes
318 yes
319 yes
320 yes
321 yes
322 yes
323 no 0 3705  (4,61) (3,61) (2,61) (1,61) (1,60) (1,59) (1,58) (1,57) (1,56) (1,55) (1,54) (1,53) (1,52) (1,51) (1,50) (1,49) (1,48) (1,47) (1,46) (1,45) (1,44) (0,44) 0 14051 (0,44) (1,44) (1,45) (1,46) (1,47) (1,48) (1,49) (1,50) (1,51) (1,52) (1,53) (1,54) (1,55) (1,56) (1,57) (1,58) (1,59) (1,60) (2,60) (3,60) (4,60) (5,60) (6,60) (7,60) (8,60) (9,60) (10,60) (11,60) (12,60) (13,60) (14,60) (15,60) (16,60) (17,60) (18,60) (19,60) (19,61) (20,61)
324 yes
325 yes
326 yes
327 yes
328 yes
329 yes
330 yes
331 yes
332 yes
333 yes
334 yes
335 yes
336 yes
337 yes
338 no 0 3747  (4,61) (3,61) (2,61) (1,61) (1,60) (1,59) (1,58) (1,57) (1,56) (1,55) (1,54) (1,53) (1,52) (1,51) (1,50) (1,49) (1,48) (1,47) (1,46) (1,45) (0,45) 0 14988 (0,45) (1,45) (1,46) (1,47) (1,48) (1,49) (1,50) (1,51) (1,52) (1,53) (1,54) (1,55) (1,56) (1,57) (1,58) (1,59) (1,60) (2,60) (3,60) (4,60) (5,60) (6,60) (7,60) (8,60) (9,60) (10,60) (11,60) (12,60) (13,60) (14,60) (15,60) (16,60) (17,60) (18,60) (19,60) (19,61) (20,61)
339 yes
340 no 0 3787  (4,61) (3,61) (2,61) (1,61) (1,60) (1,59) (1,58) (1,57) (1,56) (1,55) (1,54) (1,53) (1,52) (1,51) (1,50) (1,49) (1,48) (1,47) (1,46) (0,46) 0 14697 (0,46) (1,46) (1,47) (1,48) (1,49) (1,50) (1,51) (1,52) (1,53) (1,54) (1,55) (1,56) (1,57) (1,58) (1,59) (1,60) (2,60) (3,60) (4,60) (5,60) (6,60) (7,60) (8,60) (9,60) (10,60) (11,60) (12,60) (13,60) (14,60) (15,60) (16,60) (17,60) (18,60) (19,60) (19,61) (20,61)
341 yes
342 yes
343 yes
344 yes
345 yes
346 yes
347 yes
348 yes
349 yes
350 no 0 3825  (4,61) (3,61) (2,61) (1,61) (1,60) (1,59) (1,58) (1,57) (1,56) (1,55) (1,54) (1,53) (1,52) (1,51) (1,50) (1,49) (1,48) (1,47) (0,47) 0 16052 (0,47) (1,47) (1,48) (1,49) (1,50) (1,51) (1,52) (1,53) (1,54) (1,55) (1,56) (1,57) (1,58) (1,59) (1,60) (2,60) (3,60) (4,60) (5,60) (6,60) (7,60) (8,60) (9,60) (10,60) (11,60) (12,60) (13,60) (14,60) (15,60) (16,60) (17,60) (18,60) (19,60) (19,61) (20,61)
351 yes
352 yes
353 yes
354 yes
355 no 0 3861  (4,61) (3,61) (2,61) (1,61) (1,60) (1,59) (1,58) (1,57) (1,56) (1,55) (1,54) (1,53) (1,52) (1,51) (1,50) (1,49) (1,48) (0,48) 0 15201 (0,48) (1,48) (1,49) (1,50) (1,51) (1,52) (1,53) (1,54) (1,55) (1,56) (1,57) (1,58) (1,59) (1,60) (2,60) (3,60) (4,60) (5,60) (6,60) (7,60) (8,60) (9,60) (10,60) (11,60) (12,60) (13,60) (14,60) (15,60) (16,60) (17,60) (18,60) (19,60) (19,61) (20,61)
356 yes
357 yes
358 no 0 3895  (4,61) (3,61) (2,61) (1,61) (1,60) (1,59) (1,58) (1,57) (1,56) (1,55) (1,54) (1,53) (1,52) (1,51) (1,50) (1,49) (0,49) 0 14284 (0,49) (1,49) (1,50) (1,51) (1,52) (1,53) (1,54) (1,55) (1,56) (1,57) (1,58) (1,59) (1,60) (2,60) (3,60) (4,60) (5,60) (6,60) (7,60) (8,60) (9,60) (10,60) (11,60) (12,60) (13,60) (14,60) (15,60) (16,60) (17,60) (18,60) (19,60) (19,61) (20,61)
359 no 0 3927  (4,61) (3,61) (2,61) (1,61) (1,60) (1,59) (1,58) (1,57) (1,56) (1,55) (1,54) (1,53) (1,52) (1,51) (1,50) (0,50) 0 14517 (0,50) (1,50) (1,51) (1,52) (1,53) (1,54) (1,55) (1,56) (1,57) (1,58) (1,59) (1,60) (2,60) (3,60) (4,60) (5,60) (6,60) (7,60) (8,60) (9,60) (10,60) (11,60) (12,60) (13,60) (14,60) (15,60) (16,60) (17,60) (18,60) (19,60) (19,61) (20,61)
360 yes
361 yes
362 yes
363 yes
364 yes
365 yes
366 yes
367 yes
368 yes
369 yes
370 yes
371 yes
372 yes
373 yes
374 yes
375 yes
376 yes
377 yes
378 no 0 3957  (4,61) (3,61) (2,61) (1,61) (1,60) (1,59) (1,58) (1,57) (1,56) (1,55) (1,54) (1,53) (1,52) (1,51) (0,51) 0 14630 (0,51) (1,51) (1,52) (1,53) (1,54) (1,55) (1,56) (1,57) (1,58) (1,59) (1,60) (2,60) (3,60) (4,60) (5,60) (6,60) (7,60) (8,60) (9,60) (10,60) (11,60) (12,60) (13,60) (14,60) (15,60) (16,60) (17,60) (18,60) (19,60) (19,61) (20,61)
379 no 0 3985  (4,61) (3,61) (2,61) (1,61) (1,60) (1,59) (1,58) (1,57) (1,56) (1,55) (1,54) (1,53) (1,52) (0,52) 0 14763 (0,52) (1,52) (1,53) (1,54) (1,55) (1,56) (1,57) (1,58) (1,59) (1,60) (2,60) (3,60) (4,60) (5,60) (6,60) (7,60) (8,60) (9,60) (10,60) (11,60) (12,60) (13,60) (14,60) (15,60) (16,60) (17,60) (18,60) (19,60) (19,61) (20,61)
380 yes
381 yes
382 yes
383 yes
384 no 0 4011  (4,61) (3,61) (2,61) (1,61) (1,60) (1,59) (1,58) (1,57) (1,56) (1,55) (1,54) (1,53) (0,53) 0 16116 (0,53) (1,53) (1,54) (1,55) (1,56) (1,57) (1,58) (1,59) (1,60) (2,60) (3,60) (4,60) (5,60) (6,60) (7,60) (8,60) (9,60) (10,60) (11,60) (12,60) (13,60) (14,60) (15,60) (16,60) (17,60) (18,60) (19,60) (19,61) (20,61)
385 yes
386 yes
387 no 0 4035  (4,61) (3,61) (2,61) (1,61) (1,60) (1,59) (1,58) (1,57) (1,56) (1,55) (1,54) (0,54) 0 15355 (0,54) (1,54) (1,55) (1,56) (1,57) (1,58) (1,59) (1,60) (2,60) (3,60) (4,60) (5,60) (6,60) (7,60) (8,60) (9,60) (10,60) (11,60) (12,60) (13,60) (14,60) (15,60) (16,60) (17,60) (18,60) (19,60) (19,61) (20,61)
388 yes
389 yes
390 yes
391 no 0 4057  (4,61) (3,61) (2,61) (1,61) (1,60) (1,59) (1,58) (1,57) (1,56) (1,55) (0,55) 0 13808 (0,55) (1,55) (1,56) (1,57) (1,58) (1,59) (1,60) (2,60) (3,60) (4,60) (5,60) (6,60) (7,60) (8,60) (9,60) (10,60) (11,60) (12,60) (13,60) (14,60) (15,60) (16,60) (17,60) (18,60) (19,60) (19,61) (20,61)
392 no 0 4077  (4,61) (3,61) (2,61) (1,61) (1,60) (1,59) (1,58) (1,57) (1,56) (0,56) 0 15141 (0,56) (1,56) (1,57) (1,58) (1,59) (1,60) (2,60) (3,60) (4,60) (5,60) (6,60) (7,60) (8,60) (9,60) (10,60) (11,60) (12,60) (13,60) (14,60) (15,60) (16,60) (17,60) (18,60) (19,60) (19,61) (20,61)
393 yes
394 no 0 4095  (4,61) (3,61) (2,61) (1,61) (1,60) (1,59) (1,58) (1,57) (0,57) 0 14574 (0,57) (1,57) (1,58) (1,59) (1,60) (2,60) (3,60) (4,60) (5,60) (6,60) (7,60) (8,60) (9,60) (10,60) (11,60) (12,60) (13,60) (14,60) (15,60) (16,60) (17,60) (18,60) (19,60) (19,61) (20,61)
395 no 0 4111  (4,61) (3,61) (2,61) (1,61) (1,60) (1,59) (1,58) (0,58) 0 15259 (0,58) (1,58) (1,59) (1,60) (2,60) (3,60) (4,60) (5,60) (6,60) (7,60) (8,60) (9,60) (10,60) (11,60) (12,60) (13,60) (14,60) (15,60) (16,60) (17,60) (18,60) (19,60) (19,61) (20,61)
396 no 0 4125  (4,61) (3,61) (2,61) (1,61) (1,60) (1,59) (0,59) 0 15092 (0,59) (1,59) (1,60) (2,60) (3,60) (4,60) (5,60) (6,60) (7,60) (8,60) (9,60) (10,60) (11,60) (12,60) (13,60) (14,60) (15,60) (16,60) (17,60) (18,60) (19,60) (19,61) (20,61)
397 yes
398 no 0 4137  (4,61) (3,61) (2,61) (1,61) (1,60) (0,60) 0 15305 (0,60) (1,60) (2,60) (3,60) (4,60) (5,60) (6,60) (7,60) (8,60) (9,60) (10,60) (11,60) (12,60) (13,60) (14,60) (15,60) (16,60) (17,60) (18,60) (19,60) (19,61) (20,61)
399 yes
400 no 0 4147  (4,61) (3,61) (2,61) (1,61) (0,61) 0 15046 (0,61) (1,61) (2,61) (3,61) (4,61) (5,61) (5,60) (6,60) (7,60) (8,60) (9,60) (10,60) (11,60) (12,60) (13,60) (14,60) (15,60) (16,60) (17,60) (18,60) (19,60) (19,61) (20,61)
401 yes
402 yes
403 no 0 4155  (4,61) (3,61) (2,61) (1,61) (1,60) (1,59) (1,58) (1,57) (1,56) (1,55) (1,54) (1,53) (1,52) (1,51) (1,50) (1,49) (1,48) (1,47) (1,46) (1,45) (1,44) (1,43) (1,42) (1,41) (1,40) (1,39) (1,38) (1,37) (1,36) (1,35) (1,34) (1,33) (1,32) (1,31) (1,30) (1,29) (1,28) (1,27) (1,26) (1,25) (1,24) (1,23) (1,22) (1,21) (1,20) (1,19) (1,18) (1,17) (1,16) (1,15) (1,14) (1,13) (1,12) (1,11) (1,10) (1,9) (1,8) (1,7) (1,6) (1,5) (1,4) (1,3) (1,2) (1,1) (1,0) 0 15464 (1,0) (1,1) (1,2) (1,3) (1,4) (1,5) (1,6) (1,7) (1,8) (1,9) (1,10) (1,11) (1,12) (1,13) (1,14) (1,15) (1,16) (1,17) (1,18) (1,19) (1,20) (1,21) (1,22) (1,23) (1,24) (1,25) (1,26) (1,27) (1,28) (1,29) (1,30) (1,31) (1,32) (1,33) (1,34) (1,35) (1,36) (1,37) (1,38) (1,39) (1,40) (1,41) (1,42) (1,43) (1,44) (1,45) (1,46) (1,47) (1,48) (1,49) (1,50) (1,51) (1,52) (1,53) (1,54) (1,55) (1,56) (1,57) (1,58) (1,59) (1,60) (2,60) (3,60) (4,60) (5,60) (6,60) (7,60) (8,60) (9,60) (10,60) (11,60) (12,60) (13,60) (14,60) (15,60) (16,60) (17,60) (18,60) (19,60) (19,61) (20,61)
404 no 0 4283  (4,61) (3,61) (2,61) (2,60) (2,59) (2,58) (2,57) (2,56) (2,55) (2,54) (2,53) (2,52) (2,51) (2,50) (2,49) (2,48) (2,47) (2,46) (2,45) (2,44) (2,43) (2,42) (2,41) (2,40) (2,39) (2,38) (2,37) (2,36) (2,35) (2,34) (2,33) (2,32) (2,31) (2,30) (2,29) (2,28) (2,27) (2,26) (2,25) (2,24) (2,23) (2,22) (2,21) (2,20) (2,19) (2,18) (2,17) (2,16) (2,15) (2,14) (2,13) (2,12) (2,11) (2,10) (2,9) (2,8) (2,7) (2,6) (2,5) (2,4) (2,3) (2,2) (2,1) (2,0) 0 15625 (2,0) (2,1) (2,2) (2,3) (2,4) (2,5) (2,6) (2,7) (2,8) (2,9) (2,10) (2,11) (2,12) (2,13) (2,14) (2,15) (2,16) (2,17) (2,18) (2,19) (2,20) (2,21) (2,22) (2,23) (2,24) (2,25) (2,26) (2,27) (2,28) (2,29) (2,30) (2,31) (2,32) (2,33) (2,34) (2,35) (2,36) (2,37) (2,38) (2,39) (2,40) (2,41) (2,42) (2,43) (2,44) (2,45) (2,46) (2,47) (2,48) (2,49) (2,50) (2,51) (2,52) (2,53) (2,54) (2,55) (2,56) (2,57) (2,58) (2,59) (2,60) (3,60) (4,60) (5,60) (6,60) (7,60) (8,60) (9,60) (10,60) (11,60) (12,60) (13,60) (14,60) (15,60) (16,60) (17,60) (18,60) (19,60) (19,61) (20,61)
405 yes
406 yes
407 yes
408 yes
409 yes
410 yes
411 yes
412 yes
413 yes
414 yes
415 yes
416 yes
417 yes
418 yes
419 yes
420 yes
421 no 0 4409  (4,61) (3,61) (3,60) (3,59) (3,58) (3,57) (3,56) (3,55) (3,54) (3,53) (3,52) (3,51) (3,50) (3,49) (3,48) (3,47) (3,46) (3,45) (3,44) (3,43) (3,42) (3,41) (3,40) (3,39) (3,38) (3,37) (3,36) (3,35) (3,34) (3,33) (3,32) (3,31) (3,30) (3,29) (3,28) (3,27) (3,26) (3,25) (3,24) (3,23) (3,22) (3,21) (3,20) (3,19) (3,18) (3,17) (3,16) (3,15) (3,14) (3,13) (3,12) (3,11) (3,10) (3,9) (3,8) (3,7) (3,6) (3,5) (3,4) (3,3) (3,2) (3,1) (3,0) 0 14872 (3,0) (3,1) (3,2) (3,3) (3,4) (3,5) (3,6) (3,7) (3,8) (3,9) (3,10) (3,11) (3,12) (3,13) (3,14) (3,15) (3,16) (3,17) (3,18) (3,19) (3,20) (3,21) (3,22) (3,23) (3,24) (3,25) (3,26) (3,27) (3,28) (3,29) (3,30) (3,31) (3,32) (3,33) (3,34) (3,35) (3,36) (3,37) (3,38) (3,39) (3,40) (3,41) (3,42) (3,43) (3,44) (3,45) (3,46) (3,47) (3,48) (3,49) (3,50) (3,51) (3,52) (3,53) (3,54) (3,55) (3,56) (3,57) (3,58) (3,59) (3,60) (4,60) (5,60) (6,60) (7,60) (8,60) (9,60) (10,60) (11,60) (12,60) (13,60) (14,60) (15,60) (16,60) (17,60) (18,60) (19,60) (19,61) (20,61)
422 yes
423 yes
424 yes
425 yes
426 yes
427 yes
428 yes
429 yes
430 yes
431 yes
432 no 0 4533  (4,61) (4,60) (4,59) (4,58) (4,57) (4,56) (4,55) (4,54) (4,53) (4,52) (4,51) (4,50) (4,49) (4,48) (4,47) (4,46) (4,45) (4,44) (4,43) (4,42) (4,41) (4,40) (4,39) (4,38) (4,37) (4,36) (4,35) (4,34) (4,33) (4,32) (4,31) (4,30) (4,29) (4,28) (4,27) (4,26) (4,25) (4,24) (4,23) (4,22) (4,21) (4,20) (4,19) (4,18) (4,17) (4,16) (4,15) (4,14) (4,13) (4,12) (4,11) (4,10) (4,9) (4,8) (4,7) (4,6) (4,5) (4,4) (4,3) (4,2) (4,1) (4,0) 0 15783 (4,0) (4,1) (4,2) (4,3) (4,4) (4,5) (4,6) (4,7) (4,8) (4,9) (4,10) (4,11) (4,12) (4,13) (4,14) (4,15) (4,16) (4,17) (4,18) (4,19) (4,20) (4,21) (4,22) (4,23) (4,24) (4,25) (4,26) (4,27) (4,28) (4,29) (4,30) (4,31) (4,32) (4,33) (4,34) (4,35) (4,36) (4,37) (4,38) (4,39) (4,40) (4,41) (4,42) (4,43) (4,44) (4,45) (4,46) (4,47) (4,48) (4,49) (4,50) (4,51) (4,52) (4,53) (4,54) (4,55) (4,56) (4,57) (4,58) (4,59) (4,60) (5,60) (6,60) (7,60) (8,60) (9,60) (10,60) (11,60) (12,60) (13,60) (14,60) (15,60) (16,60) (17,60) (18,60) (19,60) (19,61) (20,61)
433 yes
434 yes
435 yes
436 yes
437 yes
438 yes
439 yes
440 no 0 4655  (4,61) (4,60) (4,59) (4,58) (4,57) (4,56) (4,55) (4,54) (4,53) (4,52) (4,51) (4,50) (4,49) (4,48) (4,47) (4,46) (4,45) (4,44) (4,43) (4,42) (4,41) (4,40) (4,39) (4,38) (4,37) (4,36) (4,35) (4,34) (4,33) (4,32) (4,31) (4,30) (4,29) (4,28) (4,27) (4,26) (4,25) (4,24) (4,23) (4,22) (4,21) (4,20) (4,19) (4,18) (4,17) (4,16) (4,15) (4,14) (4,13) (4,12) (4,11) (4,10) (4,9) (4,8) (4,7) (4,6) (4,5) (4,4) (4,3) (4,2) (4,1) (5,1) (5,0) 0 15940 (5,0) (5,1) (5,2) (5,3) (5,4) (5,5) (5,6) (5,7) (5,8) (5,9) (5,10) (5,11) (5,12) (5,13) (5,14) (5,15) (5,16) (5,17) (5,18) (5,19) (5,20) (5,21) (5,22) (5,23) (5,24) (5,25) (5,26) (5,27) (5,28) (5,29) (5,30) (5,31) (5,32) (5,33) (5,34) (5,35) (5,36) (5,37) (5,38) (5,39) (5,40) (5,41) (5,42) (5,43) (5,44) (5,45) (5,46) (5,47) (5,48) (5,49) (5,50) (5,51) (5,52) (5,53) (5,54) (5,55) (5,56) (5,57) (5,58) (5,59) (5,60) (6,60) (7,60) (8,60) (9,60) (10,60) (11,60) (12,60) (13,60) (14,60) (15,60) (16,60) (17,60) (18,60) (19,60) (19,61) (20,61)
441 yes
442 yes
443 yes
444 yes
445 yes
446 yes
447 yes
448 yes
449 yes
450 yes
451 yes
452 yes
453 yes
454 yes
455 yes
456 yes
457 yes
458 yes
459 yes
460 yes
461 yes
462 yes
463 yes
464 yes
465 yes
466 yes
467 yes
468 yes
469 yes
470 yes
471 yes
472 yes
473 yes
474 yes
475 yes
476 yes
477 yes
478 yes
479 yes
480 yes
481 yes
482 yes
483 yes
484 yes
485 yes
486 no 0 4779  (4,61) (4,60) (4,59) (4,58) (4,57) (4,56) (4,55) (4,54) (4,53) (4,52) (4,51) (4,50) (4,49) (4,48) (4,47) (4,46) (4,45) (4,44) (4,43) (4,42) (4,41) (4,40) (4,39) (4,38) (4,37) (4,36) (4,35) (4,34) (4,33) (4,32) (4,31) (4,30) (4,29) (4,28) (4,27) (4,26) (4,25) (4,24) (4,23) (4,22) (4,21) (4,20) (4,19) (4,18) (4,17) (4,16) (4,15) (4,14) (4,13) (4,12) (4,11) (4,10) (4,9) (4,8) (4,7) (4,6) (4,5) (4,4) (4,3) (4,2) (4,1) (5,1) (6,1) (6,0) 0 16383 (6,0) (6,1) (6,2) (6,3) (6,4) (6,5) (6,6) (6,7) (6,8) (6,9) (6,10) (6,11) (6,12) (6,13) (6,14) (6,15) (6,16) (6,17) (6,18) (6,19) (6,20) (6,21) (6,22) (6,23) (6,24) (6,25) (6,26) (6,27) (6,28) (6,29) (6,30) (6,31) (6,32) (6,33) (6,34) (6,35) (6,36) (6,37) (6,38) (6,39) (6,40) (6,41) (6,42) (6,43) (6,44) (6,45) (6,46) (6,47) (6,48) (6,49) (6,50) (6,51) (6,52) (6,53) (6,54) (6,55) (6,56) (6,57) (6,58) (6,59) (6,60) (7,60) (8,60) (9,60) (10,60) (11,60) (12,60) (13,60) (14,60) (15,60) (16,60) (17,60) (18,60) (19,60) (19,61) (20,61)
487 yes
488 yes
489 yes
490 yes
491 yes
492 no 0 4905  (4,61) (4,60) (4,59) (4,58) (4,57) (4,56) (4,55) (4,54) (4,53) (4,52) (4,51) (4,50) (4,49) (4,48) (4,47) (4,46) (4,45) (4,44) (4,43) (4,42) (4,41) (4,40) (4,39) (4,38) (4,37) (4,36) (4,35) (4,34) (4,33) (4,32) (4,31) (4,30) (4,29) (4,28) (4,27) (4,26) (4,25) (4,24) (4,23) (4,22) (4,21) (4,20) (4,19) (4,18) (4,17) (4,16) (4,15) (4,14) (4,13) (4,12) (4,11) (4,10) (4,9) (4,8) (4,7) (4,6) (4,5) (4,4) (4,3) (4,2) (4,1) (5,1) (6,1) (7,1) (7,0) 0 16226 (7,0) (7,1) (6,1) (6,2) (6,3) (6,4) (6,5) (6,6) (6,7) (6,8) (6,9) (6,10) (6,11) (6,12) (6,13) (6,14) (6,15) (6,16) (6,17) (6,18) (6,19) (6,20) (6,21) (6,22) (6,23) (6,24) (6,25) (6,26) (6,27) (6,28) (6,29) (6,30) (6,31) (6,32) (6,33) (6,34) (6,35) (6,36) (6,37) (6,38) (6,39) (6,40) (6,41) (6,42) (6,43) (6,44) (6,45) (6,46) (6,47) (6,48) (6,49) (6,50) (6,51) (6,52) (6,53) (6,54) (6,55) (6,56) (6,57) (6,58) (6,59) (6,60) (7,60) (8,60) (9,60) (10,60) (11,60) (12,60) (13,60) (14,60) (15,60) (16,60) (17,60) (18,60) (19,60) (19,61) (20,61)
493 yes
494 yes
495 yes
496 yes
497 yes
498 yes
499 no 0 5033  (4,61) (4,60) (5,60) (6,60) (7,60) (7,61) 0 16799 (7,61) (7,60) (8,60) (9,60) (10,60) (11,60) (12,60) (13,60) (14,60) (15,60) (16,60) (17,60) (18,60) (19,60) (19,61) (20,61)
500 yes
501 yes
502 no 0 5043  (4,61) (4,60) (4,59) (4,58) (4,57) (4,56) (4,55) (4,54) (4,53) (4,52) (4,51) (4,50) (4,49) (4,48) (4,47) (4,46) (4,45) (4,44) (4,43) (4,42) (4,41) (4,40) (4,39) (4,38) (4,37) (4,36) (4,35) (4,34) (4,33) (4,32) (4,31) (4,30) (4,29) (4,28) (4,27) (4,26) (4,25) (4,24) (4,23) (4,22) (4,21) (4,20) (4,19) (4,18) (4,17) (4,16) (4,15) (4,14) (4,13) (4,12) (4,11) (4,10) (4,9) (4,8) (4,7) (4,6) (4,5) (4,4) (4,3) (4,2) (4,1) (5,1) (6,1) (7,1) (8,1) (8,0) 0 16541 (8,0) (8,1) (7,1) (6,1) (6,2) (6,3) (6,4) (6,5) (6,6) (6,7) (6,8) (6,9) (6,10) (6,11) (6,12) (6,13) (6,14) (6,15) (6,16) (6,17) (6,18) (6,19) (6,20) (6,21) (6,22) (6,23) (6,24) (6,25) (6,26) (6,27) (6,28) (6,29) (6,30) (6,31) (6,32) (6,33) (6,34) (6,35) (6,36) (6,37) (6,38) (6,39) (6,40) (6,41) (6,42) (6,43) (6,44) (6,45) (6,46) (6,47) (6,48) (6,49) (6,50) (6,51) (6,52) (6,53) (6,54) (6,55) (6,56) (6,57) (6,58) (6,59) (6,60) (7,60) (8,60) (9,60) (10,60) (11,60) (12,60) (13,60) (14,60) (15,60) (16,60) (17,60) (18,60) (19,60) (19,61) (20,61)
503 yes
504 yes
505 yes
506 yes
507 yes
508 yes
509 yes
510 yes
511 yes
512 yes
513 yes
514 no 0 5173  (4,61) (4,60) (4,59) (4,58) (4,57) (4,56) (4,55) (4,54) (4,53) (4,52) (4,51) (4,50) (4,49) (4,48) (4,47) (4,46) (4,45) (4,44) (4,43) (4,42) (4,41) (4,40) (4,39) (4,38) (4,37) (4,36) (4,35) (4,34) (4,33) (4,32) (4,31) (4,30) (4,29) (4,28) (4,27) (4,26) (4,25) (4,24) (4,23) (4,22) (4,21) (4,20) (4,19) (4,18) (4,17) (4,16) (4,15) (4,14) (4,13) (4,12) (4,11) (4,10) (4,9) (4,8) (4,7) (4,6) (4,5) (4,4) (4,3) (4,2) (5,2) (6,2) (7,2) (8,2) (8,3) 0 16700 (8,3) (8,2) (7,2) (6,2) (6,3) (6,4) (6,5) (6,6) (6,7) (6,8) (6,9) (6,10) (6,11) (6,12) (6,13) (6,14) (6,15) (6,16) (6,17) (6,18) (6,19) (6,20) (6,21) (6,22) (6,23) (6,24) (6,25) (6,26) (6,27) (6,28) (6,29) (6,30) (6,31) (6,32) (6,33) (6,34) (6,35) (6,36) (6,37) (6,38) (6,39) (6,40) (6,41) (6,42) (6,43) (6,44) (6,45) (6,46) (6,47) (6,48) (6,49) (6,50) (6,51) (6,52) (6,53) (6,54) (6,55) (6,56) (6,57) (6,58) (6,59) (6,60) (7,60) (8,60) (9,60) (10,60) (11,60) (12,60) (13,60) (14,60) (15,60) (16,60) (17,60) (18,60) (19,60) (19,61) (20,61)
515 yes
516 yes
517 yes
518 yes
519 yes
520 yes
521 yes
522 yes
523 yes
524 yes
525 yes
526 yes
527 yes
528 yes
529 yes
530 yes
531 yes
532 yes
533 yes
534 yes
535 yes
536 yes
537 yes
538 yes
539 no 0 5301  (4,61) (4,60) (4,59) (4,58) (4,57) (4,56) (4,55) (4,54) (4,53) (4,52) (4,51) (4,50) (4,49) (4,48) (4,47) (4,46) (4,45) (4,44) (4,43) (4,42) (4,41) (4,40) (4,39) (4,38) (4,37) (4,36) (4,35) (4,34) (4,33) (4,32) (4,31) (4,30) (4,29) (4,28) (4,27) (4,26) (4,25) (4,24) (4,23) (4,22) (4,21) (4,20) (4,19) (4,18) (4,17) (4,16) (4,15) (4,14) (4,13) (4,12) (4,11) (4,10) (4,9) (4,8) (4,7) (5,7) (6,7) (7,7) (8,7) (8,6) 0 17189 (8,6) (8,7) (7,7) (6,7) (6,8) (6,9) (6,10) (6,11) (6,12) (6,13) (6,14) (6,15) (6,16) (6,17) (6,18) (6,19) (6,20) (6,21) (6,22) (6,23) (6,24) (6,25) (6,26) (6,27) (6,28) (6,29) (6,30) (6,31) (6,32) (6,33) (6,34) (6,35) (6,36) (6,37) (6,38) (6,39) (6,40) (6,41) (6,42) (6,43) (6,44) (6,45) (6,46) (6,47) (6,48) (6,49) (6,50) (6,51) (6,52) (6,53) (6,54) (6,55) (6,56) (6,57) (6,58) (6,59) (6,60) (7,60) (8,60) (9,60) (10,60) (11,60) (12,60) (13,60) (14,60) (15,60) (16,60) (17,60) (18,60) (19,60) (19,61) (20,61)
540 yes
541 yes
542 yes
543 yes
544 yes
545 yes
546 yes
547 yes
548 yes
549 yes
550 yes
551 yes
552 yes
553 yes
554 yes
555 yes
556 yes
557 yes
558 yes
559 yes
560 yes
561 yes
562 yes
563 yes
564 yes
565 yes
566 yes
567 no 0 5419  (4,61) (4,60) (4,59) (4,58) (4,57) (4,56) (4,55) (4,54) (4,53) (4,52) (4,51) (4,50) (4,49) (4,48) (4,47) (4,46) (4,45) (4,44) (4,43) (4,42) (4,41) (4,40) (4,39) (4,38) (4,37) (4,36) (4,35) (4,34) (4,33) (4,32) (4,31) (4,30) (4,29) (4,28) (4,27) (4,26) (4,25) (4,24) (4,23) (4,22) (4,21) (4,20) (4,19) (4,18) (4,17) (4,16) (4,15) (4,14) (4,13) (4,12) (4,11) (4,10) (5,10) (6,10) (7,10) (8,10) (8,11) 0 17334 (8,11) (8,10) (7,10) (6,10) (6,11) (6,12) (6,13) (6,14) (6,15) (6,16) (6,17) (6,18) (6,19) (6,20) (6,21) (6,22) (6,23) (6,24) (6,25) (6,26) (6,27) (6,28) (6,29) (6,30) (6,31) (6,32) (6,33) (6,34) (6,35) (6,36) (6,37) (6,38) (6,39) (6,40) (6,41) (6,42) (6,43) (6,44) (6,45) (6,46) (6,47) (6,48) (6,49) (6,50) (6,51) (6,52) (6,53) (6,54) (6,55) (6,56) (6,57) (6,58) (6,59) (6,60) (7,60) (8,60) (9,60) (10,60) (11,60) (12,60) (13,60) (14,60) (15,60) (16,60) (17,60) (18,60) (19,60) (19,61) (20,61)
568 yes
569 yes
570 yes
571 yes
572 yes
573 yes
574 yes
575 yes
576 yes
577 yes
578 yes
579 yes
580 yes
581 yes
582 yes
583 yes
584 yes
585 yes
586 yes
587 yes
588 yes
589 yes
590 yes
591 yes
592 yes
593 yes
594 yes
595 yes
596 yes
597 yes
598 yes
599 yes
600 yes
601 yes
602 yes
603 yes
604 no 0 5531  (4,61) (4,60) (4,59) (4,58) (4,57) (4,56) (4,55) (4,54) (4,53) (4,52) (4,51) (4,50) (4,49) (4,48) (4,47) (4,46) (4,45) (4,44) (4,43) (4,42) (4,41) (4,40) (4,39) (4,38) (4,37) (4,36) (4,35) (4,34) (4,33) (4,32) (4,31) (4,30) (4,29) (4,28) (4,27) (4,26) (4,25) (4,24) (4,23) (4,22) (4,21) (4,20) (4,19) (4,18) (4,17) (4,16) (4,15) (5,15) (6,15) (7,15) (8,15) (8,14) 0 16883 (8,14) (8,15) (7,15) (6,15) (6,16) (6,17) (6,18) (6,19) (6,20) (6,21) (6,22) (6,23) (6,24) (6,25) (6,26) (6,27) (6,28) (6,29) (6,30) (6,31) (6,32) (6,33) (6,34) (6,35) (6,36) (6,37) (6,38) (6,39) (6,40) (6,41) (6,42) (6,43) (6,44) (6,45) (6,46) (6,47) (6,48) (6,49) (6,50) (6,51) (6,52) (6,53) (6,54) (6,55) (6,56) (6,57) (6,58) (6,59) (6,60) (7,60) (8,60) (9,60) (10,60) (11,60) (12,60) (13,60) (14,60) (15,60) (16,60) (17,60) (18,60) (19,60) (19,61) (20,61)
605 yes
606 yes
607 yes
608 yes
609 yes
610 yes
611 yes
612 yes
613 yes
614 yes
615 yes
616 yes
617 yes
618 yes
619 yes
620 yes
621 yes
622 yes
623 yes
624 no 0 5633  (4,61) (4,60) (4,59) (4,58) (4,57) (4,56) (4,55) (4,54) (4,53) (4,52) (4,51) (4,50) (4,49) (4,48) (4,47) (4,46) (4,45) (4,44) (4,43) (4,42) (4,41) (4,40) (4,39) (4,38) (4,37) (4,36) (4,35) (4,34) (5,34) (6,34) (7,34) (8,34) (8,35) 0 17068 (8,35) (8,34) (7,34) (6,34) (6,35) (6,36) (6,37) (6,38) (6,39) (6,40) (6,41) (6,42) (6,43) (6,44) (6,45) (6,46) (6,47) (6,48) (6,49) (6,50) (6,51) (6,52) (6,53) (6,54) (6,55) (6,56) (6,57) (6,58) (6,59) (6,60) (7,60) (8,60) (9,60) (10,60) (11,60) (12,60) (13,60) (14,60) (15,60) (16,60) (17,60) (18,60) (19,60) (19,61) (20,61)
625 yes
626 yes
627 yes
628 yes
629 yes
630 yes
631 yes
632 yes
633 yes
634 no 0 5697  (4,61) (4,60) (4,59) (4,58) (4,57) (4,56) (4,55) (4,54) (4,53) (4,52) (4,51) (4,50) (4,49) (4,48) (4,47) (4,46) (4,45) (4,44) (4,43) (4,42) (4,41) (4,40) (4,39) (5,39) (6,39) (7,39) (8,39) (8,38) 0 17447 (8,38) (8,39) (7,39) (6,39) (6,40) (6,41) (6,42) (6,43) (6,44) (6,45) (6,46) (6,47) (6,48) (6,49) (6,50) (6,51) (6,52) (6,53) (6,54) (6,55) (6,56) (6,57) (6,58) (6,59) (6,60) (7,60) (8,60) (9,60) (10,60) (11,60) (12,60) (13,60) (14,60) (15,60) (16,60) (17,60) (18,60) (19,60) (19,61) (20,61)
635 yes
636 yes
637 yes
638 yes
639 yes
640 yes
641 yes
642 yes
643 yes
644 yes
645 yes
646 yes
647 yes
648 yes
649 yes
650 no 0 5751  (4,61) (4,60) (4,59) (4,58) (4,57) (4,56) (4,55) (4,54) (4,53) (4,52) (4,51) (4,50) (4,49) (4,48) (4,47) (4,46) (5,46) (6,46) (7,46) (8,46) (8,47) (8,48) 0 16985 (8,48) (8,47) (8,46) (7,46) (6,46) (6,47) (6,48) (6,49) (6,50) (6,51) (6,52) (6,53) (6,54) (6,55) (6,56) (6,57) (6,58) (6,59) (6,60) (7,60) (8,60) (9,60) (10,60) (11,60) (12,60) (13,60) (14,60) (15,60) (16,60) (17,60) (18,60) (19,60) (19,61) (20,61)
651 yes
652 yes
653 yes
654 yes
655 yes
656 yes
657 yes
658 yes
659 yes
660 yes
661 yes
662 yes
663 yes
664 yes
665 yes
666 yes
667 yes
668 yes
669 yes
670 yes
671 yes
672 yes
673 yes
674 yes
675 yes
676 no 0 5793  (4,61) (4,60) (5,60) (6,60) (7,60) (8,60) (8,61) 0 17510 (8,61) (8,60) (9,60) (10,60) (11,60) (12,60) (13,60) (14,60) (15,60) (16,60) (17,60) (18,60) (19,60) (19,61) (20,61)
677 yes
