YES
1 1509628 12950
1 no 0 7  (7,25) (7,24) (7,23) (7,22) (7,21) (7,20) (7,19) (7,18) (8,18) (8,17) (8,16) (7,16) (6,16) (5,16) (4,16) (3,16) (2,16) (1,16) (0,16) (0,15) (0,14) (0,13) (0,12) (0,11) (0,10) (0,9) (0,8) (0,7) (0,6) (0,5) (0,4) (0,3) (0,2) (0,1) (0,0) 0 3691 (0,0) (0,1) (1,1) (2,1) (3,1) (4,1) (5,1) (6,1) (7,1) (8,1) (8,2) (9,2) (10,2) (11,2) (12,2) (13,2) (14,2)
2 no 0 75  (7,25) (7,24) (7,23) (7,22) (7,21) (7,20) (7,19) (7,18) (8,18) (8,17) (8,16) (7,16) (6,16) (5,16) (4,16) (3,16) (3,15) (3,14) (3,13) (3,12) (3,11) (3,10) (3,9) (3,8) (3,7) (3,6) (3,5) (3,4) (3,3) (3,2) (3,1) (2,1) (1,1) (1,0) 0 2018 (1,0) (1,1) (2,1) (3,1) (4,1) (5,1) (6,1) (7,1) (8,1) (8,2) (9,2) (10,2) (11,2) (12,2) (13,2) (14,2)
3 no 0 141  (7,25) (7,24) (7,23) (7,22) (7,21) (7,20) (7,19) (7,18) (8,18) (8,17) (8,16) (7,16) (6,16) (5,16) (4,16) (3,16) (2,16) (1,16) (0,16) (0,15) (0,14) (0,13) (0,12) (0,11) (0,10) (0,9) (0,8) (0,7) (0,6) (0,5) (0,4) (0,3) (1,3) 0 3905 (1,3) (0,3) (0,2) (0,1) (1,1) (2,1) (3,1) (4,1) (5,1) (6,1) (7,1) (8,1) (8,2) (9,2) (10,2) (11,2) (12,2) (13,2) (14,2)
4 yes
5 yes
6 no 0 205  (7,25) (7,24) (7,23) (7,22) (7,21) (7,20) (7,19) (7,18) (8,18) (8,17) (8,16) (7,16) (6,16) (5,16) (4,16) (3,16) (2,16) (1,16) (0,16) (0,15) (0,14) (0,13) (0,12) (0,11) (0,10) (0,9) (0,8) (0,7) (0,6) (0,5) (0,4) (1,4) 0 4144 (1,4) (0,4) (0,3) (0,2) (0,1) (1,1) (2,1) (3,1) (4,1) (5,1) (6,1) (7,1) (8,1) (8,2) (9,2) (10,2) (11,2) (12,2) (13,2) (14,2)
7 yes
8 no 0 267  (7,25) (7,24) (7,23) (7,22) (7,21) (7,20) (7,19) (7,18) (8,18) (8,17) (8,16) (7,16) (6,16) (5,16) (4,16) (3,16) (2,16) (1,16) (0,16) (0,15) (0,14) (0,13) (0,12) (0,11) (0,10) (0,9) (0,8) (0,7) (0,6) (0,5) (1,5) 0 4063 (1,5) (0,5) (0,4) (0,3) (0,2) (0,1) (1,1) (2,1) (3,1) (4,1) (5,1) (6,1) (7,1) (8,1) (8,2) (9,2) (10,2) (11,2) (12,2) (13,2) (14,2)
9 yes
10 no 0 327  (7,25) (7,24) (7,23) (7,22) (7,21) (7,20) (7,19) (7,18) (8,18) (8,17) (8,16) (7,16) (6,16) (5,16) (4,16) (3,16) (2,16) (1,16) (0,16) (0,15) (0,14) (0,13) (0,12) (0,11) (0,10) (0,9) (0,8) (0,7) (0,6) (1,6) 0 3822 (1,6) (0,6) (0,5) (0,4) (0,3) (0,2) (0,1) (1,1) (2,1) (3,1) (4,1) (5,1) (6,1) (7,1) (8,1) (8,2) (9,2) (10,2) (11,2) (12,2) (13,2) (14,2)
11 yes
12 no 0 385  (7,25) (7,24) (7,23) (7,22) (7,21) (7,20) (7,19) (7,18) (8,18) (8,17) (8,16) (7,16) (6,16) (5,16) (4,16) (3,16) (2,16) (1,16) (0,16) (0,15) (0,14) (0,13) (0,12) (0,11) (0,10) (0,9) (0,8) (0,7) (1,7) 0 3981 (1,7) (0,7) (0,6) (0,5) (0,4) (0,3) (0,2) (0,1) (1,1) (2,1) (3,1) (4,1) (5,1) (6,1) (7,1) (8,1) (8,2) (9,2) (10,2) (11,2) (12,2) (13,2) (14,2)
13 yes
14 yes
15 yes
16 yes
17 yes
18 yes
19 yes
20 no 0 441  (7,25) (7,24) (7,23) (7,22) (7,21) (7,20) (7,19) (7,18) (8,18) (8,17) (8,16) (7,16) (6,16) (5,16) (4,16) (3,16) (2,16) (1,16) (0,16) (0,15) (0,14) (0,13) (0,12) (0,11) (0,10) (0,9) (0,8) (1,8) 0 4220 (1,8) (0,8) (0,7) (0,6) (0,5) (0,4) (0,3) (0,2) (0,1) (1,1) (2,1) (3,1) (4,1) (5,1) (6,1) (7,1) (8,1) (8,2) (9,2) (10,2) (11,2) (12,2) (13,2) (14,2)
21 yes
22 yes
23 yes
24 yes
25 yes
26 yes
27 no 0 495  (7,25) (7,24) (7,23) (7,22) (7,21) (7,20) (7,19) (7,18) (8,18) (8,17) (8,16) (7,16) (6,16) (5,16) (4,16) (3,16) (2,16) (1,16) (0,16) (0,15) (0,14) (0,13) (0,12) (0,11) (0,10) (0,9) (1,9) 0 4299 (1,9) (0,9) (0,8) (0,7) (0,6) (0,5) (0,4) (0,3) (0,2) (0,1) (1,1) (2,1) (3,1) (4,1) (5,1) (6,1) (7,1) (8,1) (8,2) (9,2) (10,2) (11,2) (12,2) (13,2) (14,2)
28 yes
29 yes
30 yes
31 yes
32 yes
33 yes
34 yes
35 yes
36 yes
37 yes
38 no 0 547  (7,25) (7,24) (7,23) (7,22) (7,21) (7,20) (7,19) (7,18) (8,18) (8,17) (8,16) (7,16) (6,16) (5,16) (4,16) (3,16) (2,16) (1,16) (0,16) (0,15) (0,14) (0,13) (0,12) (0,11) (0,10) (1,10) 0 4458 (1,10) (0,10) (0,9) (0,8) (0,7) (0,6) (0,5) (0,4) (0,3) (0,2) (0,1) (1,1) (2,1) (3,1) (4,1) (5,1) (6,1) (7,1) (8,1) (8,2) (9,2) (10,2) (11,2) (12,2) (13,2) (14,2)
39 yes
40 yes
41 yes
42 yes
43 yes
44 yes
45 yes
46 no 0 597  (7,25) (7,24) (7,23) (7,22) (7,21) (7,20) (7,19) (7,18) (8,18) (8,17) (8,16) (7,16) (6,16) (5,16) (4,16) (3,16) (2,16) (1,16) (0,16) (0,15) (0,14) (0,13) (0,12) (0,11) (1,11) 0 4377 (1,11) (0,11) (0,10) (0,9) (0,8) (0,7) (0,6) (0,5) (0,4) (0,3) (0,2) (0,1) (1,1) (2,1) (3,1) (4,1) (5,1) (6,1) (7,1) (8,1) (8,2) (9,2) (10,2) (11,2) (12,2) (13,2) (14,2)
47 yes
48 yes
49 yes
50 yes
51 yes
52 yes
53 no 0 645  (7,25) (7,24) (7,23) (7,22) (7,21) (7,20) (7,19) (7,18) (8,18) (8,17) (8,16) (7,16) (6,16) (5,16) (4,16) (3,16) (2,16) (1,16) (0,16) (0,15) (0,14) (0,13) (0,12) (1,12) 0 4536 (1,12) (0,12) (0,11) (0,10) (0,9) (0,8) (0,7) (0,6) (0,5) (0,4) (0,3) (0,2) (0,1) (1,1) (2,1) (3,1) (4,1) (5,1) (6,1) (7,1) (8,1) (8,2) (9,2) (10,2) (11,2) (12,2) (13,2) (14,2)
54 yes
55 yes
56 no 0 691  (7,25) (7,24) (7,23) (7,22) (7,21) (7,20) (7,19) (7,18) (8,18) (8,17) (8,16) (7,16) (6,16) (5,16) (4,16) (3,16) (2,16) (1,16) (0,16) (0,15) (0,14) (0,13) (1,13) 0 4783 (1,13) (0,13) (0,12) (0,11) (0,10) (0,9) (0,8) (0,7) (0,6) (0,5) (0,4) (0,3) (0,2) (0,1) (1,1) (2,1) (3,1) (4,1) (5,1) (6,1) (7,1) (8,1) (8,2) (9,2) (10,2) (11,2) (12,2) (13,2) (14,2)
57 yes
58 yes
59 yes
60 yes
61 no 0 735  (7,25) (7,24) (7,23) (7,22) (7,21) (7,20) (7,19) (7,18) (8,18) (8,17) (8,16) (7,16) (6,16) (5,16) (4,16) (3,16) (2,16) (1,16) (0,16) (0,17) (0,18) (1,18) 0 4614 (1,18) (0,18) (0,17) (0,16) (1,16) (2,16) (3,16) (4,16) (5,16) (6,16) (7,16) (8,16) (9,16) (9,15) (9,14) (9,13) (9,12) (10,12) (10,11) (11,11) (11,10) (11,9) (11,8) (11,7) (11,6) (11,5) (12,5) (12,4) (13,4) (14,4) (14,3) (14,2)
62 yes
63 yes
64 yes
65 yes
66 yes
67 yes
68 no 0 777  (7,25) (7,24) (7,23) (7,22) (7,21) (7,20) (7,19) (7,18) (8,18) (8,17) (8,16) (7,16) (6,16) (5,16) (4,16) (3,16) (2,16) (1,16) (0,16) (0,17) (0,18) (0,19) (1,19) 0 4863 (1,19) (0,19) (0,18) (0,17) (0,16) (1,16) (2,16) (3,16) (4,16) (5,16) (6,16) (7,16) (8,16) (9,16) (9,15) (9,14) (9,13) (9,12) (10,12) (10,11) (11,11) (11,10) (11,9) (11,8) (11,7) (11,6) (11,5) (12,5) (12,4) (13,4) (14,4) (14,3) (14,2)
69 yes
70 yes
71 yes
72 yes
73 yes
74 yes
75 yes
76 no 0 821  (7,25) (7,24) (7,23) (7,22) (7,21) (7,20) (7,19) (7,18) (8,18) (8,17) (8,16) (7,16) (6,16) (5,16) (4,16) (3,16) (2,16) (1,16) (0,16) (0,17) (0,18) (0,19) (0,20) (1,20) 0 4698 (1,20) (0,20) (0,19) (0,18) (0,17) (0,16) (1,16) (2,16) (3,16) (4,16) (5,16) (6,16) (7,16) (8,16) (9,16) (9,15) (9,14) (9,13) (9,12) (10,12) (10,11) (11,11) (11,10) (11,9) (11,8) (11,7) (11,6) (11,5) (12,5) (12,4) (13,4) (14,4) (14,3) (14,2)
77 yes
78 yes
79 yes
80 no 0 867  (7,25) (7,24) (7,23) (7,22) (7,21) (7,20) (7,19) (7,18) (8,18) (8,17) (8,16) (7,16) (6,16) (5,16) (4,16) (3,16) (2,16) (1,16) (0,16) (0,17) (0,18) (0,19) (0,20) (0,21) (1,21) 0 4949 (1,21) (0,21) (0,20) (0,19) (0,18) (0,17) (0,16) (1,16) (2,16) (3,16) (4,16) (5,16) (6,16) (7,16) (8,16) (9,16) (9,15) (9,14) (9,13) (9,12) (10,12) (10,11) (11,11) (11,10) (11,9) (11,8) (11,7) (11,6) (11,5) (12,5) (12,4) (13,4) (14,4) (14,3) (14,2)
81 yes
82 yes
83 yes
84 yes
85 no 0 915  (7,25) (7,24) (7,23) (7,22) (7,21) (7,20) (7,19) (7,18) (8,18) (8,17) (8,16) (7,16) (6,16) (5,16) (4,16) (3,16) (2,16) (1,16) (0,16) (0,17) (0,18) (0,19) (0,20) (0,21) (0,22) (1,22) 0 5038 (1,22) (0,22) (0,21) (0,20) (0,19) (0,18) (0,17) (0,16) (1,16) (2,16) (3,16) (4,16) (5,16) (6,16) (7,16) (8,16) (9,16) (9,15) (9,14) (9,13) (9,12) (10,12) (10,11) (11,11) (11,10) (11,9) (11,8) (11,7) (11,6) (11,5) (12,5) (12,4) (13,4) (14,4) (14,3) (14,2)
86 yes
87 no 0 965  (7,25) (7,24) (7,23) (7,22) (7,21) (7,20) (7,19) (7,18) (8,18) (8,17) (8,16) (7,16) (6,16) (5,16) (4,16) (3,16) (2,16) (1,16) (0,16) (0,17) (0,18) (0,19) (0,20) (0,21) (0,22) (0,23) (1,23) 0 5223 (1,23) (0,23) (0,22) (0,21) (0,20) (0,19) (0,18) (0,17) (0,16) (1,16) (2,16) (3,16) (4,16) (5,16) (6,16) (7,16) (8,16) (9,16) (9,15) (9,14) (9,13) (9,12) (10,12) (10,11) (11,11) (11,10) (11,9) (11,8) (11,7) (11,6) (11,5) (12,5) (12,4) (13,4) (14,4) (14,3) (14,2)
88 yes
89 yes
90 yes
91 yes
92 yes
93 yes
94 no 0 1017  (7,25) (7,24) (7,23) (7,22) (7,21) (7,20) (7,19) (7,18) (8,18) (8,17) (8,16) (7,16) (6,16) (5,16) (4,16) (3,16) (2,16) (1,16) (0,16) (0,17) (0,18) (0,19) (0,20) (0,21) (0,22) (0,23) (0,24) (1,24) 0 5130 (1,24) (0,24) (0,23) (0,22) (0,21) (0,20) (0,19) (0,18) (0,17) (0,16) (1,16) (2,16) (3,16) (4,16) (5,16) (6,16) (7,16) (8,16) (9,16) (9,15) (9,14) (9,13) (9,12) (10,12) (10,11) (11,11) (11,10) (11,9) (11,8) (11,7) (11,6) (11,5) (12,5) (12,4) (13,4) (14,4) (14,3) (14,2)
95 yes
96 yes
97 yes
98 no 0 1071  (7,25) (7,24) (7,23) (7,22) (7,21) (7,20) (7,19) (7,18) (8,18) (8,17) (8,16) (7,16) (6,16) (5,16) (4,16) (3,16) (2,16) (1,16) (0,16) (0,17) (0,18) (0,19) (0,20) (0,21) (0,22) (0,23) (0,24) (0,25) (1,25) 0 5391 (1,25) (0,25) (0,24) (0,23) (0,22) (0,21) (0,20) (0,19) (0,18) (0,17) (0,16) (1,16) (2,16) (3,16) (4,16) (5,16) (6,16) (7,16) (8,16) (9,16) (9,15) (9,14) (9,13) (9,12) (10,12) (10,11) (11,11) (11,10) (11,9) (11,8) (11,7) (11,6) (11,5) (12,5) (12,4) (13,4) (14,4) (14,3) (14,2)
99 yes
100 yes
101 yes
102 yes
103 yes
104 yes
105 yes
106 no 0 1127  (7,25) (7,24) (7,23) (7,22) (7,21) (7,20) (7,19) (7,18) (8,18) (8,17) (8,16) (7,16) (6,16) (5,16) (4,16) (3,16) (3,15) (3,14) (3,13) (3,12) (3,11) (3,10) (3,9) (3,8) (3,7) (3,6) (3,5) (3,4) (3,3) (3,2) (3,1) (2,1) (2,0) 0 5639 (2,0) (2,1) (3,1) (4,1) (5,1) (6,1) (7,1) (8,1) (8,2) (9,2) (10,2) (11,2) (12,2) (13,2) (14,2)
107 yes
108 yes
109 yes
110 yes
111 yes
112 yes
113 yes
114 yes
115 yes
116 no 0 1191  (7,25) (7,24) (7,23) (7,22) (7,21) (7,20) (7,19) (7,18) (8,18) (8,17) (8,16) (7,16) (6,16) (5,16) (4,16) (3,16) (3,15) (3,14) (3,13) (3,12) (3,11) (3,10) (3,9) (3,8) (3,7) (3,6) (3,5) (3,4) (3,3) (2,3) 0 5318 (2,3) (3,3) (3,2) (3,1) (4,1) (5,1) (6,1) (7,1) (8,1) (8,2) (9,2) (10,2) (11,2) (12,2) (13,2) (14,2)
117 yes
118 yes
119 yes
120 yes
121 yes
122 yes
123 yes
124 yes
125 no 0 1249  (7,25) (7,24) (7,23) (7,22) (7,21) (7,20) (7,19) (7,18) (8,18) (8,17) (8,16) (7,16) (6,16) (5,16) (4,16) (3,16) (3,15) (3,14) (3,13) (3,12) (3,11) (3,10) (3,9) (3,8) (3,7) (3,6) (3,5) (3,4) (2,4) 0 5561 (2,4) (3,4) (3,3) (3,2) (3,1) (4,1) (5,1) (6,1) (7,1) (8,1) (8,2) (9,2) (10,2) (11,2) (12,2) (13,2) (14,2)
126 yes
127 yes
128 yes
129 yes
130 yes
131 yes
132 no 0 1305  (7,25) (7,24) (7,23) (7,22) (7,21) (7,20) (7,19) (7,18) (8,18) (8,17) (8,16) (7,16) (6,16) (5,16) (4,16) (3,16) (3,15) (3,14) (3,13) (3,12) (3,11) (3,10) (3,9) (3,8) (3,7) (3,6) (3,5) (2,5) 0 5486 (2,5) (3,5) (3,4) (3,3) (3,2) (3,1) (4,1) (5,1) (6,1) (7,1) (8,1) (8,2) (9,2) (10,2) (11,2) (12,2) (13,2) (14,2)
133 no 0 1359  (7,25) (7,24) (7,23) (7,22) (7,21) (7,20) (7,19) (7,18) (8,18) (8,17) (8,16) (7,16) (6,16) (5,16) (4,16) (3,16) (3,15) (3,14) (3,13) (3,12) (3,11) (3,10) (3,9) (3,8) (3,7) (3,6) (2,6) 0 5709 (2,6) (3,6) (3,5) (3,4) (3,3) (3,2) (3,1) (4,1) (5,1) (6,1) (7,1) (8,1) (8,2) (9,2) (10,2) (11,2) (12,2) (13,2) (14,2)
134 yes
135 yes
136 yes
137 yes
138 no 0 1411  (7,25) (7,24) (7,23) (7,22) (7,21) (7,20) (7,19) (7,18) (8,18) (8,17) (8,16) (7,16) (6,16) (5,16) (4,16) (3,16) (3,15) (3,14) (3,13) (3,12) (3,11) (3,10) (3,9) (3,8) (3,7) (2,7) 0 5782 (2,7) (3,7) (3,6) (3,5) (3,4) (3,3) (3,2) (3,1) (4,1) (5,1) (6,1) (7,1) (8,1) (8,2) (9,2) (10,2) (11,2) (12,2) (13,2) (14,2)
139 yes
140 yes
141 yes
142 no 0 1461  (7,25) (7,24) (7,23) (7,22) (7,21) (7,20) (7,19) (7,18) (8,18) (8,17) (8,16) (7,16) (6,16) (5,16) (4,16) (3,16) (3,15) (3,14) (3,13) (3,12) (3,11) (3,10) (3,9) (3,8) (2,8) 0 5855 (2,8) (3,8) (3,7) (3,6) (3,5) (3,4) (3,3) (3,2) (3,1) (4,1) (5,1) (6,1) (7,1) (8,1) (8,2) (9,2) (10,2) (11,2) (12,2) (13,2) (14,2)
143 yes
144 yes
145 yes
146 yes
147 yes
148 yes
149 yes
150 yes
151 no 0 1509  (7,25) (7,24) (7,23) (7,22) (7,21) (7,20) (7,19) (7,18) (8,18) (8,17) (8,16) (7,16) (6,16) (5,16) (4,16) (3,16) (3,15) (3,14) (3,13) (3,12) (3,11) (3,10) (3,9) (2,9) 0 6076 (2,9) (3,9) (3,8) (3,7) (3,6) (3,5) (3,4) (3,3) (3,2) (3,1) (4,1) (5,1) (6,1) (7,1) (8,1) (8,2) (9,2) (10,2) (11,2) (12,2) (13,2) (14,2)
152 yes
153 yes
154 yes
155 yes
156 yes
157 yes
158 yes
159 yes
160 yes
161 yes
162 no 0 1555  (7,25) (7,24) (7,23) (7,22) (7,21) (7,20) (7,19) (7,18) (8,18) (8,17) (8,16) (7,16) (6,16) (5,16) (4,16) (3,16) (3,15) (3,14) (3,13) (3,12) (3,11) (3,10) (2,10) 0 6001 (2,10) (3,10) (3,9) (3,8) (3,7) (3,6) (3,5) (3,4) (3,3) (3,2) (3,1) (4,1) (5,1) (6,1) (7,1) (8,1) (8,2) (9,2) (10,2) (11,2) (12,2) (13,2) (14,2)
163 yes
164 yes
165 yes
166 yes
167 yes
168 yes
169 yes
170 yes
171 yes
172 yes
173 yes
174 yes
175 yes
176 yes
177 yes
178 yes
179 yes
180 yes
181 yes
182 yes
183 yes
184 yes
185 yes
186 no 0 1609  (7,25) (7,24) (7,23) (7,22) (7,21) (7,20) (7,19) (7,18) (8,18) (8,17) (8,16) (7,16) (6,16) (5,16) (4,16) (3,16) (3,15) (3,14) (3,13) (3,12) (3,11) (2,11) 0 5926 (2,11) (3,11) (3,10) (3,9) (3,8) (3,7) (3,6) (3,5) (3,4) (3,3) (3,2) (3,1) (4,1) (5,1) (6,1) (7,1) (8,1) (8,2) (9,2) (10,2) (11,2) (12,2) (13,2) (14,2)
187 no 0 1651  (7,25) (7,24) (7,23) (7,22) (7,21) (7,20) (7,19) (7,18) (8,18) (8,17) (8,16) (7,16) (6,16) (5,16) (4,16) (3,16) (3,15) (3,14) (3,13) (3,12) (2,12) 0 6221 (2,12) (3,12) (3,11) (3,10) (3,9) (3,8) (3,7) (3,6) (3,5) (3,4) (3,3) (3,2) (3,1) (4,1) (5,1) (6,1) (7,1) (8,1) (8,2) (9,2) (10,2) (11,2) (12,2) (13,2) (14,2)
188 yes
189 yes
190 yes
191 yes
192 yes
193 yes
194 yes
195 yes
196 yes
197 yes
198 yes
199 yes
200 yes
201 yes
202 yes
203 no 0 1701  (7,25) (7,24) (7,23) (7,22) (7,21) (7,20) (7,19) (7,18) (8,18) (8,17) (8,16) (7,16) (6,16) (5,16) (4,16) (3,16) (3,15) (3,14) (3,13) (2,13) 0 6146 (2,13) (3,13) (3,12) (3,11) (3,10) (3,9) (3,8) (3,7) (3,6) (3,5) (3,4) (3,3) (3,2) (3,1) (4,1) (5,1) (6,1) (7,1) (8,1) (8,2) (9,2) (10,2) (11,2) (12,2) (13,2) (14,2)
204 no 0 1739  (7,25) (7,24) (7,23) (7,22) (7,21) (7,20) (7,19) (7,18) (8,18) (8,17) (8,16) (7,16) (6,16) (5,16) (4,16) (3,16) (3,17) (3,18) (2,18) 0 6617 (2,18) (3,18) (3,17) (3,16) (4,16) (5,16) (6,16) (7,16) (8,16) (9,16) (9,15) (9,14) (9,13) (9,12) (10,12) (10,11) (11,11) (11,10) (11,9) (11,8) (11,7) (11,6) (11,5) (12,5) (12,4) (13,4) (14,4) (14,3) (14,2)
205 yes
206 yes
207 yes
208 yes
209 yes
210 no 0 1775  (7,25) (7,24) (7,23) (7,22) (7,21) (7,20) (7,19) (7,18) (8,18) (8,17) (8,16) (7,16) (6,16) (5,16) (4,16) (3,16) (3,17) (3,18) (3,19) (2,19) 0 6376 (2,19) (3,19) (3,18) (3,17) (3,16) (4,16) (5,16) (6,16) (7,16) (8,16) (9,16) (9,15) (9,14) (9,13) (9,12) (10,12) (10,11) (11,11) (11,10) (11,9) (11,8) (11,7) (11,6) (11,5) (12,5) (12,4) (13,4) (14,4) (14,3) (14,2)
211 yes
212 yes
213 yes
214 yes
215 yes
216 yes
217 yes
218 yes
219 yes
220 no 0 1813  (7,25) (7,24) (7,23) (7,22) (7,21) (7,20) (7,19) (7,18) (8,18) (8,17) (8,16) (7,16) (6,16) (5,16) (4,16) (3,16) (3,17) (3,18) (3,19) (3,20) (2,20) 0 6455 (2,20) (3,20) (3,19) (3,18) (3,17) (3,16) (4,16) (5,16) (6,16) (7,16) (8,16) (9,16) (9,15) (9,14) (9,13) (9,12) (10,12) (10,11) (11,11) (11,10) (11,9) (11,8) (11,7) (11,6) (11,5) (12,5) (12,4) (13,4) (14,4) (14,3) (14,2)
221 yes
222 yes
223 yes
224 yes
225 yes
226 yes
227 yes
228 yes
229 yes
230 yes
231 yes
232 yes
233 yes
234 no 0 1853  (7,25) (7,24) (7,23) (7,22) (7,21) (7,20) (7,19) (7,18) (8,18) (8,17) (8,16) (7,16) (6,16) (5,16) (4,16) (3,16) (3,17) (3,18) (3,19) (3,20) (3,21) (2,21) 0 6296 (2,21) (3,21) (3,20) (3,19) (3,18) (3,17) (3,16) (4,16) (5,16) (6,16) (7,16) (8,16) (9,16) (9,15) (9,14) (9,13) (9,12) (10,12) (10,11) (11,11) (11,10) (11,9) (11,8) (11,7) (11,6) (11,5) (12,5) (12,4) (13,4) (14,4) (14,3) (14,2)
235 yes
236 yes
237 yes
238 no 0 1895  (7,25) (7,24) (7,23) (7,22) (7,21) (7,20) (7,19) (7,18) (8,18) (8,17) (8,16) (7,16) (6,16) (5,16) (4,16) (3,16) (3,17) (3,18) (3,19) (3,20) (3,21) (3,22) (2,22) 0 6537 (2,22) (3,22) (3,21) (3,20) (3,19) (3,18) (3,17) (3,16) (4,16) (5,16) (6,16) (7,16) (8,16) (9,16) (9,15) (9,14) (9,13) (9,12) (10,12) (10,11) (11,11) (11,10) (11,9) (11,8) (11,7) (11,6) (11,5) (12,5) (12,4) (13,4) (14,4) (14,3) (14,2)
239 yes
240 yes
241 no 0 1939  (7,25) (7,24) (7,23) (7,22) (7,21) (7,20) (7,19) (7,18) (8,18) (8,17) (8,16) (7,16) (6,16) (5,16) (4,16) (3,16) (3,17) (3,18) (3,19) (3,20) (3,21) (3,22) (3,23) (2,23) 0 6788 (2,23) (3,23) (3,22) (3,21) (3,20) (3,19) (3,18) (3,17) (3,16) (4,16) (5,16) (6,16) (7,16) (8,16) (9,16) (9,15) (9,14) (9,13) (9,12) (10,12) (10,11) (11,11) (11,10) (11,9) (11,8) (11,7) (11,6) (11,5) (12,5) (12,4) (13,4) (14,4) (14,3) (14,2)
242 yes
243 yes
244 yes
245 yes
246 yes
247 yes
248 yes
249 yes
250 yes
251 yes
252 yes
253 yes
254 yes
255 yes
256 yes
257 yes
258 yes
259 yes
260 yes
261 yes
262 yes
263 yes
264 yes
265 yes
266 yes
267 yes
268 no 0 2063  (7,25) (7,24) (7,23) (7,22) (7,21) (7,20) (7,19) (7,18) (8,18) (8,17) (8,16) (7,16) (6,16) (5,16) (4,16) (3,16) (3,17) (3,18) (3,19) (3,20) (3,21) (3,22) (3,23) (3,24) (2,24) 0 6875 (2,24) (3,24) (3,23) (3,22) (3,21) (3,20) (3,19) (3,18) (3,17) (3,16) (4,16) (5,16) (6,16) (7,16) (8,16) (9,16) (9,15) (9,14) (9,13) (9,12) (10,12) (10,11) (11,11) (11,10) (11,9) (11,8) (11,7) (11,6) (11,5) (12,5) (12,4) (13,4) (14,4) (14,3) (14,2)
269 no 0 2111  (7,25) (7,24) (7,23) (7,22) (7,21) (7,20) (7,19) (7,18) (8,18) (8,17) (8,16) (7,16) (6,16) (5,16) (4,16) (3,16) (3,17) (3,18) (3,19) (3,20) (3,21) (3,22) (3,23) (3,24) (3,25) (2,25) 0 6700 (2,25) (3,25) (3,24) (3,23) (3,22) (3,21) (3,20) (3,19) (3,18) (3,17) (3,16) (4,16) (5,16) (6,16) (7,16) (8,16) (9,16) (9,15) (9,14) (9,13) (9,12) (10,12) (10,11) (11,11) (11,10) (11,9) (11,8) (11,7) (11,6) (11,5) (12,5) (12,4) (13,4) (14,4) (14,3) (14,2)
270 no 0 2161  (7,25) (7,24) (7,23) (7,22) (7,21) (7,20) (7,19) (7,18) (8,18) (8,17) (8,16) (7,16) (6,16) (5,16) (4,16) (3,16) (3,15) (3,14) (3,13) (3,12) (3,11) (3,10) (3,9) (3,8) (3,7) (3,6) (3,5) (3,4) (3,3) (3,2) (3,1) (3,0) 0 7338 (3,0) (3,1) (4,1) (5,1) (6,1) (7,1) (8,1) (8,2) (9,2) (10,2) (11,2) (12,2) (13,2) (14,2)
271 no 0 2223  (7,25) (7,24) (7,23) (7,22) (7,21) (7,20) (7,19) (7,18) (8,18) (8,17) (8,16) (8,15) (8,14) (8,13) (8,12) (8,11) (8,10) (8,9) (8,8) (8,7) (8,6) (8,5) (8,4) (8,3) (8,2) (8,1) (7,1) (6,1) (5,1) (4,1) (4,0) 0 7117 (4,0) (4,1) (5,1) (6,1) (7,1) (8,1) (8,2) (9,2) (10,2) (11,2) (12,2) (13,2) (14,2)
272 yes
273 no 0 2283  (7,25) (7,24) (7,23) (7,22) (7,21) (7,20) (7,19) (7,18) (8,18) (8,17) (8,16) (7,16) (6,16) (5,16) (4,16) (3,16) (3,15) (3,14) (3,13) (3,12) (3,11) (3,10) (3,9) (3,8) (3,7) (3,6) (3,5) (3,4) (3,3) (4,3) 0 7188 (4,3) (3,3) (3,2) (3,1) (4,1) (5,1) (6,1) (7,1) (8,1) (8,2) (9,2) (10,2) (11,2) (12,2) (13,2) (14,2)
274 yes
275 no 0 2341  (7,25) (7,24) (7,23) (7,22) (7,21) (7,20) (7,19) (7,18) (8,18) (8,17) (8,16) (7,16) (6,16) (5,16) (4,16) (3,16) (3,15) (3,14) (3,13) (3,12) (3,11) (3,10) (3,9) (3,8) (3,7) (3,6) (3,5) (3,4) (4,4) 0 7261 (4,4) (3,4) (3,3) (3,2) (3,1) (4,1) (5,1) (6,1) (7,1) (8,1) (8,2) (9,2) (10,2) (11,2) (12,2) (13,2) (14,2)
276 no 0 2397  (7,25) (7,24) (7,23) (7,22) (7,21) (7,20) (7,19) (7,18) (8,18) (8,17) (8,16) (7,16) (6,16) (5,16) (4,16) (3,16) (3,15) (3,14) (3,13) (3,12) (3,11) (3,10) (3,9) (3,8) (3,7) (3,6) (3,5) (4,5) 0 6966 (4,5) (3,5) (3,4) (3,3) (3,2) (3,1) (4,1) (5,1) (6,1) (7,1) (8,1) (8,2) (9,2) (10,2) (11,2) (12,2) (13,2) (14,2)
277 no 0 2451  (7,25) (7,24) (7,23) (7,22) (7,21) (7,20) (7,19) (7,18) (8,18) (8,17) (8,16) (7,16) (6,16) (5,16) (4,16) (3,16) (3,15) (3,14) (3,13) (3,12) (3,11) (3,10) (3,9) (3,8) (3,7) (3,6) (4,6) 0 7629 (4,6) (3,6) (3,5) (3,4) (3,3) (3,2) (3,1) (4,1) (5,1) (6,1) (7,1) (8,1) (8,2) (9,2) (10,2) (11,2) (12,2) (13,2) (14,2)
278 no 0 2503  (7,25) (7,24) (7,23) (7,22) (7,21) (7,20) (7,19) (7,18) (8,18) (8,17) (8,16) (7,16) (6,16) (5,16) (4,16) (3,16) (3,15) (3,14) (3,13) (3,12) (3,11) (3,10) (3,9) (3,8) (3,7) (4,7) 0 7038 (4,7) (3,7) (3,6) (3,5) (3,4) (3,3) (3,2) (3,1) (4,1) (5,1) (6,1) (7,1) (8,1) (8,2) (9,2) (10,2) (11,2) (12,2) (13,2) (14,2)
279 no 0 2553  (7,25) (7,24) (7,23) (7,22) (7,21) (7,20) (7,19) (7,18) (8,18) (8,17) (8,16) (7,16) (6,16) (5,16) (4,16) (3,16) (3,15) (3,14) (3,13) (3,12) (3,11) (3,10) (3,9) (3,8) (4,8) 0 7845 (4,8) (3,8) (3,7) (3,6) (3,5) (3,4) (3,3) (3,2) (3,1) (4,1) (5,1) (6,1) (7,1) (8,1) (8,2) (9,2) (10,2) (11,2) (12,2) (13,2) (14,2)
280 no 0 2601  (7,25) (7,24) (7,23) (7,22) (7,21) (7,20) (7,19) (7,18) (8,18) (8,17) (8,16) (7,16) (6,16) (5,16) (4,16) (3,16) (3,15) (3,14) (3,13) (3,12) (3,11) (3,10) (3,9) (4,9) 0 7478 (4,9) (3,9) (3,8) (3,7) (3,6) (3,5) (3,4) (3,3) (3,2) (3,1) (4,1) (5,1) (6,1) (7,1) (8,1) (8,2) (9,2) (10,2) (11,2) (12,2) (13,2) (14,2)
281 no 0 2647  (7,25) (7,24) (7,23) (7,22) (7,21) (7,20) (7,19) (7,18) (8,18) (8,17) (8,16) (7,16) (6,16) (5,16) (4,16) (3,16) (3,15) (3,14) (3,13) (3,12) (3,11) (3,10) (4,10) 0 7403 (4,10) (3,10) (3,9) (3,8) (3,7) (3,6) (3,5) (3,4) (3,3) (3,2) (3,1) (4,1) (5,1) (6,1) (7,1) (8,1) (8,2) (9,2) (10,2) (11,2) (12,2) (13,2) (14,2)
282 no 0 2691  (7,25) (7,24) (7,23) (7,22) (7,21) (7,20) (7,19) (7,18) (8,18) (8,17) (8,16) (7,16) (6,16) (5,16) (4,16) (3,16) (3,15) (3,14) (3,13) (3,12) (3,11) (4,11) 0 7698 (4,11) (3,11) (3,10) (3,9) (3,8) (3,7) (3,6) (3,5) (3,4) (3,3) (3,2) (3,1) (4,1) (5,1) (6,1) (7,1) (8,1) (8,2) (9,2) (10,2) (11,2) (12,2) (13,2) (14,2)
283 no 0 2733  (7,25) (7,24) (7,23) (7,22) (7,21) (7,20) (7,19) (7,18) (8,18) (8,17) (8,16) (7,16) (6,16) (5,16) (4,16) (3,16) (3,15) (3,14) (3,13) (3,12) (4,12) 0 8229 (4,12) (3,12) (3,11) (3,10) (3,9) (3,8) (3,7) (3,6) (3,5) (3,4) (3,3) (3,2) (3,1) (4,1) (5,1) (6,1) (7,1) (8,1) (8,2) (9,2) (10,2) (11,2) (12,2) (13,2) (14,2)
284 no 0 2773  (7,25) (7,24) (7,23) (7,22) (7,21) (7,20) (7,19) (7,18) (8,18) (8,17) (8,16) (7,16) (6,16) (5,16) (4,16) (3,16) (3,15) (3,14) (3,13) (4,13) 0 7548 (4,13) (3,13) (3,12) (3,11) (3,10) (3,9) (3,8) (3,7) (3,6) (3,5) (3,4) (3,3) (3,2) (3,1) (4,1) (5,1) (6,1) (7,1) (8,1) (8,2) (9,2) (10,2) (11,2) (12,2) (13,2) (14,2)
285 no 0 2811  (7,25) (7,24) (7,23) (7,22) (7,21) (7,20) (7,19) (7,18) (8,18) (8,17) (8,16) (8,15) (8,14) (8,13) (8,12) (8,11) (8,10) (8,9) (8,8) (8,7) (8,6) (8,5) (8,4) (8,3) (8,2) (8,1) (7,1) (6,1) (5,1) (5,0) 0 7780 (5,0) (5,1) (6,1) (7,1) (8,1) (8,2) (9,2) (10,2) (11,2) (12,2) (13,2) (14,2)
286 no 0 2869  (7,25) (7,24) (7,23) (7,22) (7,21) (7,20) (7,19) (7,18) (8,18) (8,17) (8,16) (8,15) (8,14) (8,13) (8,12) (8,11) (8,10) (8,9) (8,8) (8,7) (8,6) (8,5) (8,4) (8,3) (8,2) (8,1) (7,1) (6,1) (6,2) (6,3) (5,3) 0 7925 (5,3) (6,3) (6,2) (6,1) (7,1) (8,1) (8,2) (9,2) (10,2) (11,2) (12,2) (13,2) (14,2)
287 no 0 2929  (7,25) (7,24) (7,23) (7,22) (7,21) (7,20) (7,19) (7,18) (8,18) (8,17) (8,16) (8,15) (8,14) (8,13) (8,12) (8,11) (8,10) (8,9) (8,8) (8,7) (8,6) (8,5) (8,4) (8,3) (8,2) (8,1) (7,1) (6,1) (6,2) (6,3) (6,4) (5,4) 0 8646 (5,4) (6,4) (6,3) (6,2) (6,1) (7,1) (8,1) (8,2) (9,2) (10,2) (11,2) (12,2) (13,2) (14,2)
288 no 0 2991  (7,25) (7,24) (7,23) (7,22) (7,21) (7,20) (7,19) (7,18) (8,18) (8,17) (8,16) (8,15) (8,14) (8,13) (8,12) (8,11) (8,10) (8,9) (8,8) (8,7) (8,6) (8,5) (8,4) (8,3) (8,2) (8,1) (7,1) (6,1) (6,2) (6,3) (6,4) (6,5) (5,5) 0 7999 (5,5) (6,5) (6,4) (6,3) (6,2) (6,1) (7,1) (8,1) (8,2) (9,2) (10,2) (11,2) (12,2) (13,2) (14,2)
289 no 0 3055  (7,25) (7,24) (7,23) (7,22) (7,21) (7,20) (7,19) (7,18) (8,18) (8,17) (8,16) (8,15) (8,14) (8,13) (8,12) (8,11) (8,10) (8,9) (8,8) (8,7) (8,6) (8,5) (8,4) (8,3) (8,2) (8,1) (7,1) (6,1) (6,2) (6,3) (6,4) (6,5) (6,6) (5,6) 0 8570 (5,6) (6,6) (6,5) (6,4) (6,3) (6,2) (6,1) (7,1) (8,1) (8,2) (9,2) (10,2) (11,2) (12,2) (13,2) (14,2)
290 no 0 3121  (7,25) (7,24) (7,23) (7,22) (7,21) (7,20) (7,19) (7,18) (8,18) (8,17) (8,16) (8,15) (8,14) (8,13) (8,12) (8,11) (8,10) (8,9) (8,8) (8,7) (8,6) (8,5) (8,4) (8,3) (8,2) (8,1) (7,1) (6,1) (6,2) (6,3) (6,4) (6,5) (6,6) (6,7) (5,7) 0 8077 (5,7) (6,7) (6,6) (6,5) (6,4) (6,3) (6,2) (6,1) (7,1) (8,1) (8,2) (9,2) (10,2) (11,2) (12,2) (13,2) (14,2)
291 yes
292 no 0 3189  (7,25) (7,24) (7,23) (7,22) (7,21) (7,20) (7,19) (7,18) (8,18) (8,17) (8,16) (8,15) (8,14) (8,13) (8,12) (8,11) (8,10) (8,9) (8,8) (8,7) (8,6) (8,5) (8,4) (8,3) (8,2) (8,1) (7,1) (6,1) (6,2) (6,3) (6,4) (6,5) (6,6) (6,7) (6,8) (5,8) 0 8318 (5,8) (6,8) (6,7) (6,6) (6,5) (6,4) (6,3) (6,2) (6,1) (7,1) (8,1) (8,2) (9,2) (10,2) (11,2) (12,2) (13,2) (14,2)
293 no 0 3259  (7,25) (7,24) (7,23) (7,22) (7,21) (7,20) (7,19) (7,18) (8,18) (8,17) (8,16) (8,15) (8,14) (8,13) (8,12) (8,11) (8,10) (8,9) (8,8) (8,7) (8,6) (8,5) (8,4) (8,3) (8,2) (8,1) (7,1) (6,1) (6,2) (6,3) (6,4) (6,5) (6,6) (6,7) (6,8) (6,9) (5,9) 0 8489 (5,9) (6,9) (6,8) (6,7) (6,6) (6,5) (6,4) (6,3) (6,2) (6,1) (7,1) (8,1) (8,2) (9,2) (10,2) (11,2) (12,2) (13,2) (14,2)
294 no 0 3331  (7,25) (7,24) (7,23) (7,22) (7,21) (7,20) (7,19) (7,18) (8,18) (8,17) (8,16) (8,15) (8,14) (8,13) (8,12) (8,11) (8,10) (8,9) (8,8) (8,7) (8,6) (8,5) (8,4) (8,3) (8,2) (8,1) (7,1) (6,1) (6,2) (6,3) (6,4) (6,5) (6,6) (6,7) (6,8) (6,9) (6,10) (5,10) 0 8160 (5,10) (6,10) (6,9) (6,8) (6,7) (6,6) (6,5) (6,4) (6,3) (6,2) (6,1) (7,1) (8,1) (8,2) (9,2) (10,2) (11,2) (12,2) (13,2) (14,2)
295 no 0 3405  (7,25) (7,24) (7,23) (7,22) (7,21) (7,20) (7,19) (7,18) (8,18) (8,17) (8,16) (8,15) (8,14) (8,13) (8,12) (8,11) (8,10) (8,9) (8,8) (8,7) (8,6) (8,5) (8,4) (8,3) (8,2) (8,1) (7,1) (6,1) (6,2) (6,3) (6,4) (6,5) (6,6) (6,7) (6,8) (6,9) (6,10) (6,11) (5,11) 0 8403 (5,11) (6,11) (6,10) (6,9) (6,8) (6,7) (6,6) (6,5) (6,4) (6,3) (6,2) (6,1) (7,1) (8,1) (8,2) (9,2) (10,2) (11,2) (12,2) (13,2) (14,2)
296 no 0 3481  (7,25) (7,24) (7,23) (7,22) (7,21) (7,20) (7,19) (7,18) (8,18) (8,17) (8,16) (8,15) (8,14) (8,13) (8,12) (8,11) (8,10) (8,9) (8,8) (8,7) (8,6) (8,5) (8,4) (8,3) (8,2) (8,1) (7,1) (6,1) (6,2) (6,3) (6,4) (6,5) (6,6) (6,7) (6,8) (6,9) (6,10) (6,11) (6,12) (5,12) 0 8884 (5,12) (6,12) (6,11) (6,10) (6,9) (6,8) (6,7) (6,6) (6,5) (6,4) (6,3) (6,2) (6,1) (7,1) (8,1) (8,2) (9,2) (10,2) (11,2) (12,2) (13,2) (14,2)
297 no 0 3559  (7,25) (7,24) (7,23) (7,22) (7,21) (7,20) (7,19) (7,18) (8,18) (8,17) (8,16) (8,15) (8,14) (8,13) (8,12) (8,11) (8,10) (8,9) (8,8) (8,7) (8,6) (8,5) (8,4) (8,3) (8,2) (8,1) (7,1) (6,1) (6,2) (6,3) (6,4) (6,5) (6,6) (6,7) (6,8) (6,9) (6,10) (6,11) (6,12) (6,13) (5,13) 0 8793 (5,13) (6,13) (6,12) (6,11) (6,10) (6,9) (6,8) (6,7) (6,6) (6,5) (6,4) (6,3) (6,2) (6,1) (7,1) (8,1) (8,2) (9,2) (10,2) (11,2) (12,2) (13,2) (14,2)
298 yes
299 no 0 3639  (7,25) (6,25) (6,24) (6,23) (6,22) (6,21) (6,20) (6,19) (6,18) (5,18) 0 8698 (5,18) (6,18) (7,18) (8,18) (9,18) (9,17) (9,16) (9,15) (9,14) (9,13) (9,12) (10,12) (10,11) (11,11) (11,10) (11,9) (11,8) (11,7) (11,6) (11,5) (12,5) (12,4) (13,4) (14,4) (14,3) (14,2)
300 no 0 3737  (7,25) (7,24) (7,23) (7,22) (7,21) (7,20) (7,19) (7,18) (8,18) (8,17) (8,16) (8,15) (8,14) (8,13) (8,12) (8,11) (8,10) (8,9) (8,8) (8,7) (8,6) (8,5) (8,4) (8,3) (8,2) (8,1) (7,1) (6,1) (6,0) 0 8963 (6,0) (6,1) (7,1) (8,1) (8,2) (9,2) (10,2) (11,2) (12,2) (13,2) (14,2)
