YES
1 18732 871
1 no 0 11  (0,6) (0,5) (0,4) (0,3) (0,2) (0,1) (0,0) 0 1848 (0,0) (0,1) (0,2) (0,3) (0,4) (1,4) (2,4) (3,4) (4,4) (5,4) (5,5) (5,6) (4,6) (4,7) (4,8) (5,8)
2 no 0 26  (0,6) (0,5) (0,4) (0,3) (0,2) (0,1) (1,1) (2,1) (2,0) 0 1884 (2,0) (2,1) (2,2) (2,3) (2,4) (3,4) (4,4) (5,4) (5,5) (5,6) (4,6) (4,7) (4,8) (5,8)
3 no 0 42  (0,6) (0,7) (1,7) (2,7) (2,8) 0 1816 (2,8) (2,7) (2,6) (2,5) (2,4) (3,4) (4,4) (5,4) (5,5) (5,6) (4,6) (4,7) (4,8) (5,8)
4 no 0 50  (0,6) (0,5) (0,4) (0,3) (0,2) (0,1) (1,1) (2,1) (3,1) (3,0) 0 2141 (3,0) (3,1) (2,1) (2,2) (2,3) (2,4) (3,4) (4,4) (5,4) (5,5) (5,6) (4,6) (4,7) (4,8) (5,8)
5 no 0 68  (0,6) (0,5) (0,4) (0,3) (0,2) (0,1) (1,1) (2,1) (3,1) (4,1) (4,0) 0 1551 (4,0) (4,1) (3,1) (2,1) (2,2) (2,3) (2,4) (3,4) (4,4) (5,4) (5,5) (5,6) (4,6) (4,7) (4,8) (5,8)
6 no 0 88  (0,6) (0,5) (0,4) (1,4) (2,4) (3,4) (4,4) (5,4) (6,4) (6,3) (6,2) (5,2) 0 2006 (5,2) (6,2) (6,3) (6,4) (5,4) (5,5) (5,6) (4,6) (4,7) (4,8) (5,8)
7 no 0 110  (0,6) (0,5) (0,4) (1,4) (2,4) (3,4) (4,4) (5,4) (6,4) (6,3) (6,2) (6,1) (6,0) 0 1922 (6,0) (6,1) (6,2) (6,3) (6,4) (5,4) (5,5) (5,6) (4,6) (4,7) (4,8) (5,8)
8 no 0 134  (0,6) (0,5) (0,4) (1,4) (2,4) (3,4) (4,4) (5,4) (6,4) (6,3) (6,2) (6,1) (7,1) (7,0) 0 2093 (7,0) (7,1) (6,1) (6,2) (6,3) (6,4) (5,4) (5,5) (5,6) (4,6) (4,7) (4,8) (5,8)
9 no 0 160  (0,6) (0,5) (0,4) (1,4) (2,4) (3,4) (4,4) (5,4) (6,4) (6,3) (7,3) 0 1688 (7,3) (6,3) (6,4) (5,4) (5,5) (5,6) (4,6) (4,7) (4,8) (5,8)
10 no 0 180  (0,6) (0,5) (0,4) (1,4) (2,4) (3,4) (4,4) (5,4) (6,4) (7,4) 0 1974 (7,4) (6,4) (5,4) (5,5) (5,6) (4,6) (4,7) (4,8) (5,8)
11 yes
12 yes
13 yes
14 yes
15 yes
16 yes
17 yes
18 yes
19 yes
20 yes
21 yes
